[2024-04-17 20:19:12,649] [INFO] [real_accelerator.py:203:get_accelerator] Setting ds_accelerator to cuda (auto detect)
[2024-04-17 20:19:13,644] torch.distributed.run: [WARNING] 
[2024-04-17 20:19:13,644] torch.distributed.run: [WARNING] *****************************************
[2024-04-17 20:19:13,644] torch.distributed.run: [WARNING] Setting OMP_NUM_THREADS environment variable for each process to be 1 in default, to avoid your system being overloaded, please further tune the variable for optimal performance in your application as needed. 
[2024-04-17 20:19:13,644] torch.distributed.run: [WARNING] *****************************************
[2024-04-17 20:19:19,686] [INFO] [real_accelerator.py:203:get_accelerator] Setting ds_accelerator to cuda (auto detect)
[2024-04-17 20:19:19,762] [INFO] [real_accelerator.py:203:get_accelerator] Setting ds_accelerator to cuda (auto detect)
[2024-04-17 20:19:19,784] [INFO] [real_accelerator.py:203:get_accelerator] Setting ds_accelerator to cuda (auto detect)
[93m [WARNING] [0m async_io requires the dev libaio .so object and headers but these were not found.
[2024-04-17 20:19:19,886] [INFO] [real_accelerator.py:203:get_accelerator] Setting ds_accelerator to cuda (auto detect)
[93m [WARNING] [0m async_io: please install the libaio-dev package with apt
[93m [WARNING] [0m If libaio is already installed (perhaps from source), try setting the CFLAGS and LDFLAGS environment variables to where it can be found.
[93m [WARNING] [0m Please specify the CUTLASS repo directory as environment variable $CUTLASS_PATH
[2024-04-17 20:19:19,914] [INFO] [real_accelerator.py:203:get_accelerator] Setting ds_accelerator to cuda (auto detect)
[2024-04-17 20:19:19,926] [INFO] [real_accelerator.py:203:get_accelerator] Setting ds_accelerator to cuda (auto detect)
[93m [WARNING] [0m async_io requires the dev libaio .so object and headers but these were not found.
[93m [WARNING] [0m async_io: please install the libaio-dev package with apt
[93m [WARNING] [0m If libaio is already installed (perhaps from source), try setting the CFLAGS and LDFLAGS environment variables to where it can be found.
[93m [WARNING] [0m Please specify the CUTLASS repo directory as environment variable $CUTLASS_PATH
[93m [WARNING] [0m async_io requires the dev libaio .so object and headers but these were not found.
[93m [WARNING] [0m async_io: please install the libaio-dev package with apt
[93m [WARNING] [0m If libaio is already installed (perhaps from source), try setting the CFLAGS and LDFLAGS environment variables to where it can be found.
[93m [WARNING] [0m Please specify the CUTLASS repo directory as environment variable $CUTLASS_PATH
[2024-04-17 20:19:20,007] [INFO] [real_accelerator.py:203:get_accelerator] Setting ds_accelerator to cuda (auto detect)
[2024-04-17 20:19:20,050] [INFO] [real_accelerator.py:203:get_accelerator] Setting ds_accelerator to cuda (auto detect)
[93m [WARNING] [0m async_io requires the dev libaio .so object and headers but these were not found.
[93m [WARNING] [0m async_io: please install the libaio-dev package with apt
[93m [WARNING] [0m If libaio is already installed (perhaps from source), try setting the CFLAGS and LDFLAGS environment variables to where it can be found.
[93m [WARNING] [0m Please specify the CUTLASS repo directory as environment variable $CUTLASS_PATH
[93m [WARNING] [0m async_io requires the dev libaio .so object and headers but these were not found.
[93m [WARNING] [0m async_io requires the dev libaio .so object and headers but these were not found.
[93m [WARNING] [0m async_io: please install the libaio-dev package with apt
[93m [WARNING] [0m If libaio is already installed (perhaps from source), try setting the CFLAGS and LDFLAGS environment variables to where it can be found.
[93m [WARNING] [0m Please specify the CUTLASS repo directory as environment variable $CUTLASS_PATH
[93m [WARNING] [0m async_io: please install the libaio-dev package with apt
[93m [WARNING] [0m If libaio is already installed (perhaps from source), try setting the CFLAGS and LDFLAGS environment variables to where it can be found.
[93m [WARNING] [0m Please specify the CUTLASS repo directory as environment variable $CUTLASS_PATH
[93m [WARNING] [0m async_io requires the dev libaio .so object and headers but these were not found.
[93m [WARNING] [0m sparse_attn requires a torch version >= 1.5 and < 2.0 but detected 2.2
[93m [WARNING] [0m using untested triton version (2.2.0), only 1.0.0 is known to be compatible
[93m [WARNING] [0m async_io: please install the libaio-dev package with apt
[93m [WARNING] [0m If libaio is already installed (perhaps from source), try setting the CFLAGS and LDFLAGS environment variables to where it can be found.
[93m [WARNING] [0m Please specify the CUTLASS repo directory as environment variable $CUTLASS_PATH
[93m [WARNING] [0m async_io requires the dev libaio .so object and headers but these were not found.
[93m [WARNING] [0m async_io: please install the libaio-dev package with apt
[93m [WARNING] [0m If libaio is already installed (perhaps from source), try setting the CFLAGS and LDFLAGS environment variables to where it can be found.
[93m [WARNING] [0m Please specify the CUTLASS repo directory as environment variable $CUTLASS_PATH
[93m [WARNING] [0m sparse_attn requires a torch version >= 1.5 and < 2.0 but detected 2.2
[93m [WARNING] [0m using untested triton version (2.2.0), only 1.0.0 is known to be compatible
[93m [WARNING] [0m sparse_attn requires a torch version >= 1.5 and < 2.0 but detected 2.2
[93m [WARNING] [0m using untested triton version (2.2.0), only 1.0.0 is known to be compatible
[93m [WARNING] [0m sparse_attn requires a torch version >= 1.5 and < 2.0 but detected 2.2
[93m [WARNING] [0m using untested triton version (2.2.0), only 1.0.0 is known to be compatible
[93m [WARNING] [0m sparse_attn requires a torch version >= 1.5 and < 2.0 but detected 2.2
[93m [WARNING] [0m using untested triton version (2.2.0), only 1.0.0 is known to be compatible
[93m [WARNING] [0m sparse_attn requires a torch version >= 1.5 and < 2.0 but detected 2.2
[93m [WARNING] [0m using untested triton version (2.2.0), only 1.0.0 is known to be compatible
[93m [WARNING] [0m sparse_attn requires a torch version >= 1.5 and < 2.0 but detected 2.2
[93m [WARNING] [0m using untested triton version (2.2.0), only 1.0.0 is known to be compatible
[93m [WARNING] [0m sparse_attn requires a torch version >= 1.5 and < 2.0 but detected 2.2
[93m [WARNING] [0m using untested triton version (2.2.0), only 1.0.0 is known to be compatible
[2024-04-17 20:19:22,068] [INFO] [comm.py:637:init_distributed] cdb=None
[2024-04-17 20:19:22,148] [INFO] [comm.py:637:init_distributed] cdb=None
[2024-04-17 20:19:22,217] [INFO] [comm.py:637:init_distributed] cdb=None
[2024-04-17 20:19:22,223] [INFO] [comm.py:637:init_distributed] cdb=None
[2024-04-17 20:19:22,223] [INFO] [comm.py:668:init_distributed] Initializing TorchBackend in DeepSpeed with backend nccl
[2024-04-17 20:19:22,294] [INFO] [comm.py:637:init_distributed] cdb=None
[2024-04-17 20:19:22,488] [INFO] [comm.py:637:init_distributed] cdb=None
[2024-04-17 20:19:22,509] [INFO] [comm.py:637:init_distributed] cdb=None
[2024-04-17 20:19:22,584] [INFO] [comm.py:637:init_distributed] cdb=None
Special tokens have been added in the vocabulary, make sure the associated word embeddings are fine-tuned or trained.
=================
Special tokens have been added in the vocabulary, make sure the associated word embeddings are fine-tuned or trained.
Special tokens have been added in the vocabulary, make sure the associated word embeddings are fine-tuned or trained.
Special tokens have been added in the vocabulary, make sure the associated word embeddings are fine-tuned or trained.
Special tokens have been added in the vocabulary, make sure the associated word embeddings are fine-tuned or trained.
Special tokens have been added in the vocabulary, make sure the associated word embeddings are fine-tuned or trained.
Special tokens have been added in the vocabulary, make sure the associated word embeddings are fine-tuned or trained.
Special tokens have been added in the vocabulary, make sure the associated word embeddings are fine-tuned or trained.
[2024-04-17 20:19:33,108] [INFO] [partition_parameters.py:345:__exit__] finished initializing model - num_params = 148, num_elems = 0.16B
[2024-04-17 20:19:34,473] [INFO] [partition_parameters.py:345:__exit__] finished initializing model - num_params = 296, num_elems = 0.32B
[2024-04-17 20:19:35,000] [INFO] [logging.py:96:log_dist] [Rank 0] DeepSpeed info: version=0.14.1, git-hash=unknown, git-branch=unknown
[2024-04-17 20:19:35,005] [INFO] [logging.py:96:log_dist] [Rank 0] DeepSpeed Flops Profiler Enabled: False
[2024-04-17 20:19:35,005] [INFO] [logging.py:96:log_dist] [Rank 0] Using client Optimizer as basic optimizer
[2024-04-17 20:19:35,005] [INFO] [logging.py:96:log_dist] [Rank 0] Removing param_group that has no 'params' in the basic Optimizer
[2024-04-17 20:19:35,008] [INFO] [logging.py:96:log_dist] [Rank 0] DeepSpeed Basic Optimizer = Adam
[2024-04-17 20:19:35,008] [INFO] [utils.py:56:is_zero_supported_optimizer] Checking ZeRO support for optimizer=Adam type=<class 'torch.optim.adam.Adam'>
[2024-04-17 20:19:35,008] [INFO] [logging.py:96:log_dist] [Rank 0] Creating fp16 ZeRO stage 3 optimizer, MiCS is enabled False, Hierarchical params gather False
[2024-04-17 20:19:35,008] [INFO] [logging.py:96:log_dist] [Rank 0] Creating torch.bfloat16 ZeRO stage 3 optimizer
[2024-04-17 20:19:35,123] [INFO] [utils.py:772:see_memory_usage] Stage 3 initialize beginning
[2024-04-17 20:19:35,124] [INFO] [utils.py:773:see_memory_usage] MA 0.17 GB         Max_MA 0.38 GB         CA 0.41 GB         Max_CA 0 GB 
[2024-04-17 20:19:35,124] [INFO] [utils.py:780:see_memory_usage] CPU Virtual Memory:  used = 532.85 GB, percent = 26.6%
[2024-04-17 20:19:35,125] [INFO] [stage3.py:130:__init__] Reduce bucket size 500,000,000
[2024-04-17 20:19:35,125] [INFO] [stage3.py:131:__init__] Prefetch bucket size 50,000,000
[2024-04-17 20:19:35,202] [INFO] [utils.py:772:see_memory_usage] DeepSpeedZeRoOffload initialize [begin]
[2024-04-17 20:19:35,203] [INFO] [utils.py:773:see_memory_usage] MA 0.17 GB         Max_MA 0.17 GB         CA 0.41 GB         Max_CA 0 GB 
[2024-04-17 20:19:35,203] [INFO] [utils.py:780:see_memory_usage] CPU Virtual Memory:  used = 532.85 GB, percent = 26.6%
Parameter Offload: Total persistent parameters: 121344 in 98 params
[2024-04-17 20:19:35,285] [INFO] [utils.py:772:see_memory_usage] DeepSpeedZeRoOffload initialize [end]
[2024-04-17 20:19:35,286] [INFO] [utils.py:773:see_memory_usage] MA 0.17 GB         Max_MA 0.17 GB         CA 0.41 GB         Max_CA 0 GB 
[2024-04-17 20:19:35,286] [INFO] [utils.py:780:see_memory_usage] CPU Virtual Memory:  used = 532.85 GB, percent = 26.6%
[2024-04-17 20:19:35,367] [INFO] [utils.py:772:see_memory_usage] Before creating fp16 partitions
[2024-04-17 20:19:35,368] [INFO] [utils.py:773:see_memory_usage] MA 0.17 GB         Max_MA 0.17 GB         CA 0.41 GB         Max_CA 0 GB 
[2024-04-17 20:19:35,368] [INFO] [utils.py:780:see_memory_usage] CPU Virtual Memory:  used = 532.85 GB, percent = 26.6%
[2024-04-17 20:19:35,566] [INFO] [utils.py:772:see_memory_usage] After creating fp16 partitions: 1
[2024-04-17 20:19:35,566] [INFO] [utils.py:773:see_memory_usage] MA 0.17 GB         Max_MA 0.17 GB         CA 0.26 GB         Max_CA 0 GB 
[2024-04-17 20:19:35,566] [INFO] [utils.py:780:see_memory_usage] CPU Virtual Memory:  used = 532.87 GB, percent = 26.6%
[2024-04-17 20:19:35,641] [INFO] [utils.py:772:see_memory_usage] Before creating fp32 partitions
[2024-04-17 20:19:35,642] [INFO] [utils.py:773:see_memory_usage] MA 0.17 GB         Max_MA 0.17 GB         CA 0.26 GB         Max_CA 0 GB 
[2024-04-17 20:19:35,642] [INFO] [utils.py:780:see_memory_usage] CPU Virtual Memory:  used = 532.87 GB, percent = 26.6%
[2024-04-17 20:19:35,719] [INFO] [utils.py:772:see_memory_usage] After creating fp32 partitions
[2024-04-17 20:19:35,719] [INFO] [utils.py:773:see_memory_usage] MA 0.25 GB         Max_MA 0.29 GB         CA 0.37 GB         Max_CA 0 GB 
[2024-04-17 20:19:35,720] [INFO] [utils.py:780:see_memory_usage] CPU Virtual Memory:  used = 532.87 GB, percent = 26.6%
[2024-04-17 20:19:35,795] [INFO] [utils.py:772:see_memory_usage] Before initializing optimizer states
[2024-04-17 20:19:35,795] [INFO] [utils.py:773:see_memory_usage] MA 0.25 GB         Max_MA 0.25 GB         CA 0.37 GB         Max_CA 0 GB 
[2024-04-17 20:19:35,796] [INFO] [utils.py:780:see_memory_usage] CPU Virtual Memory:  used = 532.87 GB, percent = 26.6%
[2024-04-17 20:19:35,871] [INFO] [utils.py:772:see_memory_usage] After initializing optimizer states
[2024-04-17 20:19:35,872] [INFO] [utils.py:773:see_memory_usage] MA 0.25 GB         Max_MA 0.33 GB         CA 0.45 GB         Max_CA 0 GB 
[2024-04-17 20:19:35,872] [INFO] [utils.py:780:see_memory_usage] CPU Virtual Memory:  used = 532.87 GB, percent = 26.6%
[2024-04-17 20:19:35,872] [INFO] [stage3.py:486:_setup_for_real_optimizer] optimizer state initialized
🔥 deepspeed3 is initialized
🔥 deepspeed3 is initialized
🔥 deepspeed3 is initialized
🔥 deepspeed3 is initialized🔥 deepspeed3 is initialized

🔥 deepspeed3 is initialized
🔥 deepspeed3 is initialized
[2024-04-17 20:19:36,023] [INFO] [utils.py:772:see_memory_usage] After initializing ZeRO optimizer
[2024-04-17 20:19:36,024] [INFO] [utils.py:773:see_memory_usage] MA 1.22 GB         Max_MA 1.36 GB         CA 1.45 GB         Max_CA 1 GB 
[2024-04-17 20:19:36,024] [INFO] [utils.py:780:see_memory_usage] CPU Virtual Memory:  used = 532.87 GB, percent = 26.6%
[2024-04-17 20:19:36,024] [INFO] [logging.py:96:log_dist] [Rank 0] DeepSpeed Final Optimizer = Adam
[2024-04-17 20:19:36,024] [INFO] [logging.py:96:log_dist] [Rank 0] DeepSpeed using client LR scheduler
[2024-04-17 20:19:36,024] [INFO] [logging.py:96:log_dist] [Rank 0] DeepSpeed LR Scheduler = None
[2024-04-17 20:19:36,024] [INFO] [logging.py:96:log_dist] [Rank 0] step=0, skipped=0, lr=[0.01], mom=[(0.9, 0.999)]
[2024-04-17 20:19:36,025] [INFO] [config.py:996:print] DeepSpeedEngine configuration:
[2024-04-17 20:19:36,025] [INFO] [config.py:1000:print]   activation_checkpointing_config  {
    "partition_activations": false, 
    "contiguous_memory_optimization": false, 
    "cpu_checkpointing": false, 
    "number_checkpoints": null, 
    "synchronize_checkpoint_boundary": false, 
    "profile": false
}
[2024-04-17 20:19:36,025] [INFO] [config.py:1000:print]   aio_config ................... {'block_size': 1048576, 'queue_depth': 8, 'thread_count': 1, 'single_submit': False, 'overlap_events': True}
[2024-04-17 20:19:36,025] [INFO] [config.py:1000:print]   amp_enabled .................. False
[2024-04-17 20:19:36,025] [INFO] [config.py:1000:print]   amp_params ................... False
[2024-04-17 20:19:36,025] [INFO] [config.py:1000:print]   autotuning_config ............ {
    "enabled": false, 
    "start_step": null, 
    "end_step": null, 
    "metric_path": null, 
    "arg_mappings": null, 
    "metric": "throughput", 
    "model_info": null, 
    "results_dir": "autotuning_results", 
    "exps_dir": "autotuning_exps", 
    "overwrite": true, 
    "fast": true, 
    "start_profile_step": 3, 
    "end_profile_step": 5, 
    "tuner_type": "gridsearch", 
    "tuner_early_stopping": 5, 
    "tuner_num_trials": 50, 
    "model_info_path": null, 
    "mp_size": 1, 
    "max_train_batch_size": null, 
    "min_train_batch_size": 1, 
    "max_train_micro_batch_size_per_gpu": 1.024000e+03, 
    "min_train_micro_batch_size_per_gpu": 1, 
    "num_tuning_micro_batch_sizes": 3
}
[2024-04-17 20:19:36,025] [INFO] [config.py:1000:print]   bfloat16_enabled ............. True
[2024-04-17 20:19:36,025] [INFO] [config.py:1000:print]   bfloat16_immediate_grad_update  False
[2024-04-17 20:19:36,025] [INFO] [config.py:1000:print]   checkpoint_parallel_write_pipeline  False
[2024-04-17 20:19:36,025] [INFO] [config.py:1000:print]   checkpoint_tag_validation_enabled  True
[2024-04-17 20:19:36,025] [INFO] [config.py:1000:print]   checkpoint_tag_validation_fail  False
[2024-04-17 20:19:36,025] [INFO] [config.py:1000:print]   comms_config ................. <deepspeed.comm.config.DeepSpeedCommsConfig object at 0x7fcdb2405870>
[2024-04-17 20:19:36,026] [INFO] [config.py:1000:print]   communication_data_type ...... None
[2024-04-17 20:19:36,026] [INFO] [config.py:1000:print]   compile_config ............... enabled=False backend='inductor' kwargs={}
[2024-04-17 20:19:36,026] [INFO] [config.py:1000:print]   compression_config ........... {'weight_quantization': {'shared_parameters': {'enabled': False, 'quantizer_kernel': False, 'schedule_offset': 0, 'quantize_groups': 1, 'quantize_verbose': False, 'quantization_type': 'symmetric', 'quantize_weight_in_forward': False, 'rounding': 'nearest', 'fp16_mixed_quantize': False, 'quantize_change_ratio': 0.001}, 'different_groups': {}}, 'activation_quantization': {'shared_parameters': {'enabled': False, 'quantization_type': 'symmetric', 'range_calibration': 'dynamic', 'schedule_offset': 1000}, 'different_groups': {}}, 'sparse_pruning': {'shared_parameters': {'enabled': False, 'method': 'l1', 'schedule_offset': 1000}, 'different_groups': {}}, 'row_pruning': {'shared_parameters': {'enabled': False, 'method': 'l1', 'schedule_offset': 1000}, 'different_groups': {}}, 'head_pruning': {'shared_parameters': {'enabled': False, 'method': 'topk', 'schedule_offset': 1000}, 'different_groups': {}}, 'channel_pruning': {'shared_parameters': {'enabled': False, 'method': 'l1', 'schedule_offset': 1000}, 'different_groups': {}}, 'layer_reduction': {'enabled': False}}
[2024-04-17 20:19:36,026] [INFO] [config.py:1000:print]   curriculum_enabled_legacy .... False
[2024-04-17 20:19:36,026] [INFO] [config.py:1000:print]   curriculum_params_legacy ..... False
[2024-04-17 20:19:36,026] [INFO] [config.py:1000:print]   data_efficiency_config ....... {'enabled': False, 'seed': 1234, 'data_sampling': {'enabled': False, 'num_epochs': 1000, 'num_workers': 0, 'curriculum_learning': {'enabled': False}}, 'data_routing': {'enabled': False, 'random_ltd': {'enabled': False, 'layer_token_lr_schedule': {'enabled': False}}}}
[2024-04-17 20:19:36,026] [INFO] [config.py:1000:print]   data_efficiency_enabled ...... False
[2024-04-17 20:19:36,026] [INFO] [config.py:1000:print]   dataloader_drop_last ......... False
[2024-04-17 20:19:36,026] [INFO] [config.py:1000:print]   disable_allgather ............ False
[2024-04-17 20:19:36,026] [INFO] [config.py:1000:print]   dump_state ................... False
[2024-04-17 20:19:36,026] [INFO] [config.py:1000:print]   dynamic_loss_scale_args ...... None
[2024-04-17 20:19:36,026] [INFO] [config.py:1000:print]   eigenvalue_enabled ........... False
[2024-04-17 20:19:36,026] [INFO] [config.py:1000:print]   eigenvalue_gas_boundary_resolution  1
[2024-04-17 20:19:36,026] [INFO] [config.py:1000:print]   eigenvalue_layer_name ........ bert.encoder.layer
[2024-04-17 20:19:36,026] [INFO] [config.py:1000:print]   eigenvalue_layer_num ......... 0
[2024-04-17 20:19:36,026] [INFO] [config.py:1000:print]   eigenvalue_max_iter .......... 100
[2024-04-17 20:19:36,026] [INFO] [config.py:1000:print]   eigenvalue_stability ......... 1e-06
[2024-04-17 20:19:36,026] [INFO] [config.py:1000:print]   eigenvalue_tol ............... 0.01
[2024-04-17 20:19:36,026] [INFO] [config.py:1000:print]   eigenvalue_verbose ........... False
[2024-04-17 20:19:36,026] [INFO] [config.py:1000:print]   elasticity_enabled ........... False
[2024-04-17 20:19:36,026] [INFO] [config.py:1000:print]   flops_profiler_config ........ {
    "enabled": false, 
    "recompute_fwd_factor": 0.0, 
    "profile_step": 1, 
    "module_depth": -1, 
    "top_modules": 1, 
    "detailed": true, 
    "output_file": null
}
[2024-04-17 20:19:36,026] [INFO] [config.py:1000:print]   fp16_auto_cast ............... None
[2024-04-17 20:19:36,026] [INFO] [config.py:1000:print]   fp16_enabled ................. False
[2024-04-17 20:19:36,026] [INFO] [config.py:1000:print]   fp16_master_weights_and_gradients  False
[2024-04-17 20:19:36,026] [INFO] [config.py:1000:print]   global_rank .................. 0
[2024-04-17 20:19:36,026] [INFO] [config.py:1000:print]   grad_accum_dtype ............. None
[2024-04-17 20:19:36,026] [INFO] [config.py:1000:print]   gradient_accumulation_steps .. 1
[2024-04-17 20:19:36,026] [INFO] [config.py:1000:print]   gradient_clipping ............ 0.0
[2024-04-17 20:19:36,026] [INFO] [config.py:1000:print]   gradient_predivide_factor .... 1.0
[2024-04-17 20:19:36,026] [INFO] [config.py:1000:print]   graph_harvesting ............. False
[2024-04-17 20:19:36,026] [INFO] [config.py:1000:print]   hybrid_engine ................ enabled=False max_out_tokens=512 inference_tp_size=1 release_inference_cache=False pin_parameters=True tp_gather_partition_size=8
[2024-04-17 20:19:36,026] [INFO] [config.py:1000:print]   initial_dynamic_scale ........ 1
[2024-04-17 20:19:36,026] [INFO] [config.py:1000:print]   load_universal_checkpoint .... False
[2024-04-17 20:19:36,026] [INFO] [config.py:1000:print]   loss_scale ................... 1.0
[2024-04-17 20:19:36,026] [INFO] [config.py:1000:print]   memory_breakdown ............. False
[2024-04-17 20:19:36,026] [INFO] [config.py:1000:print]   mics_hierarchial_params_gather  False
[2024-04-17 20:19:36,026] [INFO] [config.py:1000:print]   mics_shard_size .............. -1
[2024-04-17 20:19:36,026] [INFO] [config.py:1000:print]   monitor_config ............... tensorboard=TensorBoardConfig(enabled=False, output_path='', job_name='DeepSpeedJobName') wandb=WandbConfig(enabled=False, group=None, team=None, project='deepspeed') csv_monitor=CSVConfig(enabled=False, output_path='', job_name='DeepSpeedJobName') enabled=False
[2024-04-17 20:19:36,026] [INFO] [config.py:1000:print]   nebula_config ................ {
    "enabled": false, 
    "persistent_storage_path": null, 
    "persistent_time_interval": 100, 
    "num_of_version_in_retention": 2, 
    "enable_nebula_load": true, 
    "load_path": null
}
[2024-04-17 20:19:36,026] [INFO] [config.py:1000:print]   optimizer_legacy_fusion ...... False
[2024-04-17 20:19:36,026] [INFO] [config.py:1000:print]   optimizer_name ............... None
[2024-04-17 20:19:36,026] [INFO] [config.py:1000:print]   optimizer_params ............. None
[2024-04-17 20:19:36,026] [INFO] [config.py:1000:print]   pipeline ..................... {'stages': 'auto', 'partition': 'best', 'seed_layers': False, 'activation_checkpoint_interval': 0, 'pipe_partitioned': True, 'grad_partitioned': True}
[2024-04-17 20:19:36,026] [INFO] [config.py:1000:print]   pld_enabled .................. False
[2024-04-17 20:19:36,026] [INFO] [config.py:1000:print]   pld_params ................... False
[2024-04-17 20:19:36,027] [INFO] [config.py:1000:print]   prescale_gradients ........... False
[2024-04-17 20:19:36,027] [INFO] [config.py:1000:print]   scheduler_name ............... None
[2024-04-17 20:19:36,027] [INFO] [config.py:1000:print]   scheduler_params ............. None
[2024-04-17 20:19:36,027] [INFO] [config.py:1000:print]   seq_parallel_communication_data_type  torch.float32
[2024-04-17 20:19:36,027] [INFO] [config.py:1000:print]   sparse_attention ............. None
[2024-04-17 20:19:36,027] [INFO] [config.py:1000:print]   sparse_gradients_enabled ..... False
[2024-04-17 20:19:36,027] [INFO] [config.py:1000:print]   steps_per_print .............. inf
[2024-04-17 20:19:36,027] [INFO] [config.py:1000:print]   train_batch_size ............. 512
[2024-04-17 20:19:36,027] [INFO] [config.py:1000:print]   train_micro_batch_size_per_gpu  64
[2024-04-17 20:19:36,027] [INFO] [config.py:1000:print]   use_data_before_expert_parallel_  False
[2024-04-17 20:19:36,027] [INFO] [config.py:1000:print]   use_node_local_storage ....... False
[2024-04-17 20:19:36,027] [INFO] [config.py:1000:print]   wall_clock_breakdown ......... False
[2024-04-17 20:19:36,027] [INFO] [config.py:1000:print]   weight_quantization_config ... None
[2024-04-17 20:19:36,027] [INFO] [config.py:1000:print]   world_size ................... 8
[2024-04-17 20:19:36,027] [INFO] [config.py:1000:print]   zero_allow_untested_optimizer  True
[2024-04-17 20:19:36,027] [INFO] [config.py:1000:print]   zero_config .................. stage=3 contiguous_gradients=True reduce_scatter=True reduce_bucket_size=500,000,000 use_multi_rank_bucket_allreduce=True allgather_partitions=True allgather_bucket_size=500,000,000 overlap_comm=True load_from_fp32_weights=True elastic_checkpoint=False offload_param=DeepSpeedZeroOffloadParamConfig(device='none', nvme_path=None, buffer_count=5, buffer_size=100,000,000, max_in_cpu=1,000,000,000, pin_memory=False) offload_optimizer=DeepSpeedZeroOffloadOptimizerConfig(device='none', nvme_path=None, buffer_count=4, pin_memory=False, pipeline=False, pipeline_read=False, pipeline_write=False, fast_init=False, ratio=1.0) sub_group_size=1,000,000,000 cpu_offload_param=None cpu_offload_use_pin_memory=None cpu_offload=None prefetch_bucket_size=50,000,000 param_persistence_threshold=100,000 model_persistence_threshold=sys.maxsize max_live_parameters=1,000,000,000 max_reuse_distance=1,000,000,000 gather_16bit_weights_on_model_save=True stage3_gather_fp16_weights_on_model_save=False ignore_unused_parameters=True legacy_stage1=False round_robin_gradients=False zero_hpz_partition_size=1 zero_quantized_weights=False zero_quantized_nontrainable_weights=False zero_quantized_gradients=False mics_shard_size=-1 mics_hierarchical_params_gather=False memory_efficient_linear=True pipeline_loading_checkpoint=False override_module_apply=True
[2024-04-17 20:19:36,027] [INFO] [config.py:1000:print]   zero_enabled ................. True
[2024-04-17 20:19:36,027] [INFO] [config.py:1000:print]   zero_force_ds_cpu_optimizer .. True
[2024-04-17 20:19:36,027] [INFO] [config.py:1000:print]   zero_optimization_stage ...... 3
[2024-04-17 20:19:36,027] [INFO] [config.py:986:print_user_config]   json = {
    "train_batch_size": 512, 
    "train_micro_batch_size_per_gpu": 64, 
    "gradient_accumulation_steps": 1, 
    "zero_optimization": {
        "stage": 3, 
        "offload_optimizer": {
            "device": "none", 
            "nvme_path": null
        }, 
        "offload_param": {
            "device": "none", 
            "nvme_path": null
        }, 
        "stage3_gather_16bit_weights_on_model_save": true
    }, 
    "steps_per_print": inf, 
    "bf16": {
        "enabled": true
    }, 
    "fp16": {
        "enabled": false
    }, 
    "zero_allow_untested_optimizer": true
}
{'transformers': '4.39.3', 'accelerate': '0.29.3', 'deepspeed': '0.14.1', 'datasets': '2.18.0'}
[2024-04-17 20:19:36,027] [INFO] [logging.py:96:log_dist] [Rank 0] DeepSpeed info: version=0.14.1, git-hash=unknown, git-branch=unknown
[2024-04-17 20:19:36,031] [INFO] [logging.py:96:log_dist] [Rank 0] DeepSpeed Flops Profiler Enabled: False
[2024-04-17 20:19:36,032] [INFO] [logging.py:96:log_dist] [Rank 0] Creating ZeRO Offload
[2024-04-17 20:19:36,109] [INFO] [utils.py:772:see_memory_usage] DeepSpeedZeRoOffload initialize [begin]
[2024-04-17 20:19:36,110] [INFO] [utils.py:773:see_memory_usage] MA 1.22 GB         Max_MA 1.22 GB         CA 1.45 GB         Max_CA 1 GB 
[2024-04-17 20:19:36,110] [INFO] [utils.py:780:see_memory_usage] CPU Virtual Memory:  used = 532.98 GB, percent = 26.6%
Parameter Offload: Total persistent parameters: 121344 in 98 params
[2024-04-17 20:19:36,192] [INFO] [utils.py:772:see_memory_usage] DeepSpeedZeRoOffload initialize [end]
[2024-04-17 20:19:36,193] [INFO] [utils.py:773:see_memory_usage] MA 1.22 GB         Max_MA 1.22 GB         CA 1.45 GB         Max_CA 1 GB 
[2024-04-17 20:19:36,193] [INFO] [utils.py:780:see_memory_usage] CPU Virtual Memory:  used = 533.22 GB, percent = 26.7%
[2024-04-17 20:19:36,194] [INFO] [config.py:996:print] DeepSpeedEngine configuration:
[2024-04-17 20:19:36,194] [INFO] [config.py:1000:print]   activation_checkpointing_config  {
    "partition_activations": false, 
    "contiguous_memory_optimization": false, 
    "cpu_checkpointing": false, 
    "number_checkpoints": null, 
    "synchronize_checkpoint_boundary": false, 
    "profile": false
}
[2024-04-17 20:19:36,194] [INFO] [config.py:1000:print]   aio_config ................... {'block_size': 1048576, 'queue_depth': 8, 'thread_count': 1, 'single_submit': False, 'overlap_events': True}
[2024-04-17 20:19:36,194] [INFO] [config.py:1000:print]   amp_enabled .................. False
[2024-04-17 20:19:36,194] [INFO] [config.py:1000:print]   amp_params ................... False
[2024-04-17 20:19:36,194] [INFO] [config.py:1000:print]   autotuning_config ............ {
    "enabled": false, 
    "start_step": null, 
    "end_step": null, 
    "metric_path": null, 
    "arg_mappings": null, 
    "metric": "throughput", 
    "model_info": null, 
    "results_dir": "autotuning_results", 
    "exps_dir": "autotuning_exps", 
    "overwrite": true, 
    "fast": true, 
    "start_profile_step": 3, 
    "end_profile_step": 5, 
    "tuner_type": "gridsearch", 
    "tuner_early_stopping": 5, 
    "tuner_num_trials": 50, 
    "model_info_path": null, 
    "mp_size": 1, 
    "max_train_batch_size": null, 
    "min_train_batch_size": 1, 
    "max_train_micro_batch_size_per_gpu": 1.024000e+03, 
    "min_train_micro_batch_size_per_gpu": 1, 
    "num_tuning_micro_batch_sizes": 3
}
[2024-04-17 20:19:36,194] [INFO] [config.py:1000:print]   bfloat16_enabled ............. True
[2024-04-17 20:19:36,194] [INFO] [config.py:1000:print]   bfloat16_immediate_grad_update  False
[2024-04-17 20:19:36,194] [INFO] [config.py:1000:print]   checkpoint_parallel_write_pipeline  False
[2024-04-17 20:19:36,194] [INFO] [config.py:1000:print]   checkpoint_tag_validation_enabled  True
[2024-04-17 20:19:36,194] [INFO] [config.py:1000:print]   checkpoint_tag_validation_fail  False
[2024-04-17 20:19:36,194] [INFO] [config.py:1000:print]   comms_config ................. <deepspeed.comm.config.DeepSpeedCommsConfig object at 0x7fcdb2405840>
[2024-04-17 20:19:36,194] [INFO] [config.py:1000:print]   communication_data_type ...... None
[2024-04-17 20:19:36,194] [INFO] [config.py:1000:print]   compile_config ............... enabled=False backend='inductor' kwargs={}
[2024-04-17 20:19:36,194] [INFO] [config.py:1000:print]   compression_config ........... {'weight_quantization': {'shared_parameters': {'enabled': False, 'quantizer_kernel': False, 'schedule_offset': 0, 'quantize_groups': 1, 'quantize_verbose': False, 'quantization_type': 'symmetric', 'quantize_weight_in_forward': False, 'rounding': 'nearest', 'fp16_mixed_quantize': False, 'quantize_change_ratio': 0.001}, 'different_groups': {}}, 'activation_quantization': {'shared_parameters': {'enabled': False, 'quantization_type': 'symmetric', 'range_calibration': 'dynamic', 'schedule_offset': 1000}, 'different_groups': {}}, 'sparse_pruning': {'shared_parameters': {'enabled': False, 'method': 'l1', 'schedule_offset': 1000}, 'different_groups': {}}, 'row_pruning': {'shared_parameters': {'enabled': False, 'method': 'l1', 'schedule_offset': 1000}, 'different_groups': {}}, 'head_pruning': {'shared_parameters': {'enabled': False, 'method': 'topk', 'schedule_offset': 1000}, 'different_groups': {}}, 'channel_pruning': {'shared_parameters': {'enabled': False, 'method': 'l1', 'schedule_offset': 1000}, 'different_groups': {}}, 'layer_reduction': {'enabled': False}}
[2024-04-17 20:19:36,194] [INFO] [config.py:1000:print]   curriculum_enabled_legacy .... False
[2024-04-17 20:19:36,194] [INFO] [config.py:1000:print]   curriculum_params_legacy ..... False
[2024-04-17 20:19:36,194] [INFO] [config.py:1000:print]   data_efficiency_config ....... {'enabled': False, 'seed': 1234, 'data_sampling': {'enabled': False, 'num_epochs': 1000, 'num_workers': 0, 'curriculum_learning': {'enabled': False}}, 'data_routing': {'enabled': False, 'random_ltd': {'enabled': False, 'layer_token_lr_schedule': {'enabled': False}}}}
[2024-04-17 20:19:36,194] [INFO] [config.py:1000:print]   data_efficiency_enabled ...... False
[2024-04-17 20:19:36,194] [INFO] [config.py:1000:print]   dataloader_drop_last ......... False
[2024-04-17 20:19:36,194] [INFO] [config.py:1000:print]   disable_allgather ............ False
[2024-04-17 20:19:36,194] [INFO] [config.py:1000:print]   dump_state ................... False
[2024-04-17 20:19:36,194] [INFO] [config.py:1000:print]   dynamic_loss_scale_args ...... None
[2024-04-17 20:19:36,195] [INFO] [config.py:1000:print]   eigenvalue_enabled ........... False
[2024-04-17 20:19:36,195] [INFO] [config.py:1000:print]   eigenvalue_gas_boundary_resolution  1
[2024-04-17 20:19:36,195] [INFO] [config.py:1000:print]   eigenvalue_layer_name ........ bert.encoder.layer
[2024-04-17 20:19:36,195] [INFO] [config.py:1000:print]   eigenvalue_layer_num ......... 0
[2024-04-17 20:19:36,195] [INFO] [config.py:1000:print]   eigenvalue_max_iter .......... 100
[2024-04-17 20:19:36,195] [INFO] [config.py:1000:print]   eigenvalue_stability ......... 1e-06
[2024-04-17 20:19:36,195] [INFO] [config.py:1000:print]   eigenvalue_tol ............... 0.01
[2024-04-17 20:19:36,195] [INFO] [config.py:1000:print]   eigenvalue_verbose ........... False
[2024-04-17 20:19:36,195] [INFO] [config.py:1000:print]   elasticity_enabled ........... False
[2024-04-17 20:19:36,195] [INFO] [config.py:1000:print]   flops_profiler_config ........ {
    "enabled": false, 
    "recompute_fwd_factor": 0.0, 
    "profile_step": 1, 
    "module_depth": -1, 
    "top_modules": 1, 
    "detailed": true, 
    "output_file": null
}
[2024-04-17 20:19:36,195] [INFO] [config.py:1000:print]   fp16_auto_cast ............... None
[2024-04-17 20:19:36,195] [INFO] [config.py:1000:print]   fp16_enabled ................. False
[2024-04-17 20:19:36,195] [INFO] [config.py:1000:print]   fp16_master_weights_and_gradients  False
[2024-04-17 20:19:36,195] [INFO] [config.py:1000:print]   global_rank .................. 0
[2024-04-17 20:19:36,195] [INFO] [config.py:1000:print]   grad_accum_dtype ............. None
[2024-04-17 20:19:36,195] [INFO] [config.py:1000:print]   gradient_accumulation_steps .. 1
[2024-04-17 20:19:36,195] [INFO] [config.py:1000:print]   gradient_clipping ............ 0.0
[2024-04-17 20:19:36,195] [INFO] [config.py:1000:print]   gradient_predivide_factor .... 1.0
[2024-04-17 20:19:36,195] [INFO] [config.py:1000:print]   graph_harvesting ............. False
[2024-04-17 20:19:36,195] [INFO] [config.py:1000:print]   hybrid_engine ................ enabled=False max_out_tokens=512 inference_tp_size=1 release_inference_cache=False pin_parameters=True tp_gather_partition_size=8
[2024-04-17 20:19:36,195] [INFO] [config.py:1000:print]   initial_dynamic_scale ........ 1
[2024-04-17 20:19:36,195] [INFO] [config.py:1000:print]   load_universal_checkpoint .... False
[2024-04-17 20:19:36,195] [INFO] [config.py:1000:print]   loss_scale ................... 1.0
[2024-04-17 20:19:36,195] [INFO] [config.py:1000:print]   memory_breakdown ............. False
[2024-04-17 20:19:36,195] [INFO] [config.py:1000:print]   mics_hierarchial_params_gather  False
[2024-04-17 20:19:36,195] [INFO] [config.py:1000:print]   mics_shard_size .............. -1
[2024-04-17 20:19:36,195] [INFO] [config.py:1000:print]   monitor_config ............... tensorboard=TensorBoardConfig(enabled=False, output_path='', job_name='DeepSpeedJobName') wandb=WandbConfig(enabled=False, group=None, team=None, project='deepspeed') csv_monitor=CSVConfig(enabled=False, output_path='', job_name='DeepSpeedJobName') enabled=False
[2024-04-17 20:19:36,195] [INFO] [config.py:1000:print]   nebula_config ................ {
    "enabled": false, 
    "persistent_storage_path": null, 
    "persistent_time_interval": 100, 
    "num_of_version_in_retention": 2, 
    "enable_nebula_load": true, 
    "load_path": null
}
[2024-04-17 20:19:36,195] [INFO] [config.py:1000:print]   optimizer_legacy_fusion ...... False
[2024-04-17 20:19:36,195] [INFO] [config.py:1000:print]   optimizer_name ............... None
[2024-04-17 20:19:36,195] [INFO] [config.py:1000:print]   optimizer_params ............. None
[2024-04-17 20:19:36,195] [INFO] [config.py:1000:print]   pipeline ..................... {'stages': 'auto', 'partition': 'best', 'seed_layers': False, 'activation_checkpoint_interval': 0, 'pipe_partitioned': True, 'grad_partitioned': True}
[2024-04-17 20:19:36,195] [INFO] [config.py:1000:print]   pld_enabled .................. False
[2024-04-17 20:19:36,195] [INFO] [config.py:1000:print]   pld_params ................... False
[2024-04-17 20:19:36,195] [INFO] [config.py:1000:print]   prescale_gradients ........... False
[2024-04-17 20:19:36,195] [INFO] [config.py:1000:print]   scheduler_name ............... None
[2024-04-17 20:19:36,195] [INFO] [config.py:1000:print]   scheduler_params ............. None
[2024-04-17 20:19:36,195] [INFO] [config.py:1000:print]   seq_parallel_communication_data_type  torch.float32
[2024-04-17 20:19:36,195] [INFO] [config.py:1000:print]   sparse_attention ............. None
[2024-04-17 20:19:36,195] [INFO] [config.py:1000:print]   sparse_gradients_enabled ..... False
[2024-04-17 20:19:36,195] [INFO] [config.py:1000:print]   steps_per_print .............. inf
[2024-04-17 20:19:36,195] [INFO] [config.py:1000:print]   train_batch_size ............. 512
[2024-04-17 20:19:36,195] [INFO] [config.py:1000:print]   train_micro_batch_size_per_gpu  64
[2024-04-17 20:19:36,195] [INFO] [config.py:1000:print]   use_data_before_expert_parallel_  False
[2024-04-17 20:19:36,195] [INFO] [config.py:1000:print]   use_node_local_storage ....... False
[2024-04-17 20:19:36,195] [INFO] [config.py:1000:print]   wall_clock_breakdown ......... False
[2024-04-17 20:19:36,195] [INFO] [config.py:1000:print]   weight_quantization_config ... None
[2024-04-17 20:19:36,196] [INFO] [config.py:1000:print]   world_size ................... 8
[2024-04-17 20:19:36,196] [INFO] [config.py:1000:print]   zero_allow_untested_optimizer  True
[2024-04-17 20:19:36,196] [INFO] [config.py:1000:print]   zero_config .................. stage=3 contiguous_gradients=True reduce_scatter=True reduce_bucket_size=500,000,000 use_multi_rank_bucket_allreduce=True allgather_partitions=True allgather_bucket_size=500,000,000 overlap_comm=True load_from_fp32_weights=True elastic_checkpoint=False offload_param=DeepSpeedZeroOffloadParamConfig(device='none', nvme_path=None, buffer_count=5, buffer_size=100,000,000, max_in_cpu=1,000,000,000, pin_memory=False) offload_optimizer=DeepSpeedZeroOffloadOptimizerConfig(device='none', nvme_path=None, buffer_count=4, pin_memory=False, pipeline=False, pipeline_read=False, pipeline_write=False, fast_init=False, ratio=1.0) sub_group_size=1,000,000,000 cpu_offload_param=None cpu_offload_use_pin_memory=None cpu_offload=None prefetch_bucket_size=50,000,000 param_persistence_threshold=100,000 model_persistence_threshold=sys.maxsize max_live_parameters=1,000,000,000 max_reuse_distance=1,000,000,000 gather_16bit_weights_on_model_save=True stage3_gather_fp16_weights_on_model_save=False ignore_unused_parameters=True legacy_stage1=False round_robin_gradients=False zero_hpz_partition_size=1 zero_quantized_weights=False zero_quantized_nontrainable_weights=False zero_quantized_gradients=False mics_shard_size=-1 mics_hierarchical_params_gather=False memory_efficient_linear=True pipeline_loading_checkpoint=False override_module_apply=True
[2024-04-17 20:19:36,196] [INFO] [config.py:1000:print]   zero_enabled ................. True
[2024-04-17 20:19:36,196] [INFO] [config.py:1000:print]   zero_force_ds_cpu_optimizer .. True
[2024-04-17 20:19:36,196] [INFO] [config.py:1000:print]   zero_optimization_stage ...... 3
[2024-04-17 20:19:36,196] [INFO] [config.py:986:print_user_config]   json = {
    "train_batch_size": 512, 
    "train_micro_batch_size_per_gpu": 64, 
    "gradient_accumulation_steps": 1, 
    "zero_optimization": {
        "stage": 3, 
        "offload_optimizer": {
            "device": "none", 
            "nvme_path": null
        }, 
        "offload_param": {
            "device": "none", 
            "nvme_path": null
        }, 
        "stage3_gather_16bit_weights_on_model_save": true
    }, 
    "steps_per_print": inf, 
    "bf16": {
        "enabled": true
    }, 
    "fp16": {
        "enabled": false
    }, 
    "zero_allow_untested_optimizer": true, 
    "zero_optimization.reduce_bucket_size": 5.898240e+05, 
    "zero_optimization.stage3_param_persistence_threshold": 7.680000e+03, 
    "zero_optimization.stage3_prefetch_bucket_size": 0
}
🔥 deepspeed3 is initialized
(ref_logprob-logprob).exp().mean()=tensor(0.8203, device='cuda:0', dtype=torch.bfloat16)
Traceback (most recent call last):
  File "/fsx/costa/zero3_min_repro/min_repro.py", line 157, in <module>
Traceback (most recent call last):
  File "/fsx/costa/zero3_min_repro/min_repro.py", line 157, in <module>
Traceback (most recent call last):
  File "/fsx/costa/zero3_min_repro/min_repro.py", line 157, in <module>
Traceback (most recent call last):
Traceback (most recent call last):
Traceback (most recent call last):
  File "/fsx/costa/zero3_min_repro/min_repro.py", line 157, in <module>
Traceback (most recent call last):
  File "/fsx/costa/zero3_min_repro/min_repro.py", line 157, in <module>
  File "/fsx/costa/zero3_min_repro/min_repro.py", line 157, in <module>
  File "/fsx/costa/zero3_min_repro/min_repro.py", line 157, in <module>
Traceback (most recent call last):
  File "/fsx/costa/zero3_min_repro/min_repro.py", line 157, in <module>
        torch.testing.assert_close(ref_logprob, logprob, rtol=1e-2, atol=1e-2) # a very generous tolerance
    torch.testing.assert_close(ref_logprob, logprob, rtol=1e-2, atol=1e-2) # a very generous tolerance  File "/fsx/costa/zero3_min_repro/.venv/lib/python3.10/site-packages/torch/testing/_comparison.py", line 1520, in assert_close
torch.testing.assert_close(ref_logprob, logprob, rtol=1e-2, atol=1e-2) # a very generous tolerance
    
        torch.testing.assert_close(ref_logprob, logprob, rtol=1e-2, atol=1e-2) # a very generous tolerance  File "/fsx/costa/zero3_min_repro/.venv/lib/python3.10/site-packages/torch/testing/_comparison.py", line 1520, in assert_close
torch.testing.assert_close(ref_logprob, logprob, rtol=1e-2, atol=1e-2) # a very generous tolerance  File "/fsx/costa/zero3_min_repro/.venv/lib/python3.10/site-packages/torch/testing/_comparison.py", line 1520, in assert_close
torch.testing.assert_close(ref_logprob, logprob, rtol=1e-2, atol=1e-2) # a very generous tolerance


  File "/fsx/costa/zero3_min_repro/.venv/lib/python3.10/site-packages/torch/testing/_comparison.py", line 1520, in assert_close
  File "/fsx/costa/zero3_min_repro/.venv/lib/python3.10/site-packages/torch/testing/_comparison.py", line 1520, in assert_close
  File "/fsx/costa/zero3_min_repro/.venv/lib/python3.10/site-packages/torch/testing/_comparison.py", line 1520, in assert_close
    torch.testing.assert_close(ref_logprob, logprob, rtol=1e-2, atol=1e-2) # a very generous tolerance
  File "/fsx/costa/zero3_min_repro/.venv/lib/python3.10/site-packages/torch/testing/_comparison.py", line 1520, in assert_close
    torch.testing.assert_close(ref_logprob, logprob, rtol=1e-2, atol=1e-2) # a very generous tolerance
  File "/fsx/costa/zero3_min_repro/.venv/lib/python3.10/site-packages/torch/testing/_comparison.py", line 1520, in assert_close
    raise error_metas[0].to_error(msg)    
raise error_metas[0].to_error(msg)
AssertionErrorAssertionError: : Tensor-likes are not close!

Mismatched elements: 2566 / 3200 (80.2%)
Greatest absolute difference: 13.75 at index (61, 22) (up to 0.01 allowed)
Greatest relative difference: 2624.0 at index (31, 15) (up to 0.01 allowed)Tensor-likes are not close!

Mismatched elements: 2608 / 3200 (81.5%)
Greatest absolute difference: 14.25 at index (62, 3) (up to 0.01 allowed)
Greatest relative difference: 2304.0 at index (18, 15) (up to 0.01 allowed)

        raise error_metas[0].to_error(msg)raise error_metas[0].to_error(msg)

    AssertionError    raise error_metas[0].to_error(msg): AssertionErrorraise error_metas[0].to_error(msg)
    Tensor-likes are not close!

Mismatched elements: 2582 / 3200 (80.7%)
Greatest absolute difference: 15.8125 at index (38, 21) (up to 0.01 allowed)
Greatest relative difference: 305152.0 at index (62, 25) (up to 0.01 allowed): 
raise error_metas[0].to_error(msg)
AssertionErrorAssertionErrorTensor-likes are not close!

Mismatched elements: 2616 / 3200 (81.8%)
Greatest absolute difference: 14.125 at index (36, 17) (up to 0.01 allowed)
Greatest relative difference: 2080.0 at index (47, 17) (up to 0.01 allowed)
: : 
Tensor-likes are not close!

Mismatched elements: 2596 / 3200 (81.1%)
Greatest absolute difference: 13.625 at index (13, 49) (up to 0.01 allowed)
Greatest relative difference: 3328.0 at index (32, 42) (up to 0.01 allowed)Tensor-likes are not close!

Mismatched elements: 2634 / 3200 (82.3%)
Greatest absolute difference: 14.625 at index (35, 2) (up to 0.01 allowed)
Greatest relative difference: 2320.0 at index (6, 10) (up to 0.01 allowed)AssertionError

: Tensor-likes are not close!

Mismatched elements: 2609 / 3200 (81.5%)
Greatest absolute difference: 13.5625 at index (0, 32) (up to 0.01 allowed)
Greatest relative difference: 2480.0 at index (53, 14) (up to 0.01 allowed)
    raise error_metas[0].to_error(msg)
AssertionError: Tensor-likes are not close!

Mismatched elements: 2615 / 3200 (81.7%)
Greatest absolute difference: 13.4375 at index (34, 45) (up to 0.01 allowed)
Greatest relative difference: 11136.0 at index (51, 19) (up to 0.01 allowed)
[2024-04-17 20:19:43,681] torch.distributed.elastic.multiprocessing.api: [ERROR] failed (exitcode: 1) local_rank: 0 (pid: 2499047) of binary: /fsx/costa/zero3_min_repro/.venv/bin/python
[93m [WARNING] [0m async_io requires the dev libaio .so object and headers but these were not found.
[93m [WARNING] [0m async_io: please install the libaio-dev package with apt
[93m [WARNING] [0m If libaio is already installed (perhaps from source), try setting the CFLAGS and LDFLAGS environment variables to where it can be found.
[93m [WARNING] [0m Please specify the CUTLASS repo directory as environment variable $CUTLASS_PATH
[93m [WARNING] [0m sparse_attn requires a torch version >= 1.5 and < 2.0 but detected 2.2
[93m [WARNING] [0m using untested triton version (2.2.0), only 1.0.0 is known to be compatible
Traceback (most recent call last):
  File "/fsx/costa/zero3_min_repro/.venv/bin/accelerate", line 8, in <module>
    sys.exit(main())
  File "/fsx/costa/zero3_min_repro/.venv/lib/python3.10/site-packages/accelerate/commands/accelerate_cli.py", line 46, in main
    args.func(args)
  File "/fsx/costa/zero3_min_repro/.venv/lib/python3.10/site-packages/accelerate/commands/launch.py", line 1060, in launch_command
    deepspeed_launcher(args)
  File "/fsx/costa/zero3_min_repro/.venv/lib/python3.10/site-packages/accelerate/commands/launch.py", line 764, in deepspeed_launcher
    distrib_run.run(args)
  File "/fsx/costa/zero3_min_repro/.venv/lib/python3.10/site-packages/torch/distributed/run.py", line 803, in run
    elastic_launch(
  File "/fsx/costa/zero3_min_repro/.venv/lib/python3.10/site-packages/torch/distributed/launcher/api.py", line 135, in __call__
    return launch_agent(self._config, self._entrypoint, list(args))
  File "/fsx/costa/zero3_min_repro/.venv/lib/python3.10/site-packages/torch/distributed/launcher/api.py", line 268, in launch_agent
    raise ChildFailedError(
torch.distributed.elastic.multiprocessing.errors.ChildFailedError: 
============================================================
min_repro.py FAILED
------------------------------------------------------------
Failures:
[1]:
  time      : 2024-04-17_20:19:43
  host      : ip-26-0-160-216.ec2.internal
  rank      : 1 (local_rank: 1)
  exitcode  : 1 (pid: 2499048)
  error_file: <N/A>
  traceback : To enable traceback see: https://pytorch.org/docs/stable/elastic/errors.html
[2]:
  time      : 2024-04-17_20:19:43
  host      : ip-26-0-160-216.ec2.internal
  rank      : 2 (local_rank: 2)
  exitcode  : 1 (pid: 2499049)
  error_file: <N/A>
  traceback : To enable traceback see: https://pytorch.org/docs/stable/elastic/errors.html
[3]:
  time      : 2024-04-17_20:19:43
  host      : ip-26-0-160-216.ec2.internal
  rank      : 3 (local_rank: 3)
  exitcode  : 1 (pid: 2499050)
  error_file: <N/A>
  traceback : To enable traceback see: https://pytorch.org/docs/stable/elastic/errors.html
[4]:
  time      : 2024-04-17_20:19:43
  host      : ip-26-0-160-216.ec2.internal
  rank      : 4 (local_rank: 4)
  exitcode  : 1 (pid: 2499051)
  error_file: <N/A>
  traceback : To enable traceback see: https://pytorch.org/docs/stable/elastic/errors.html
[5]:
  time      : 2024-04-17_20:19:43
  host      : ip-26-0-160-216.ec2.internal
  rank      : 5 (local_rank: 5)
  exitcode  : 1 (pid: 2499052)
  error_file: <N/A>
  traceback : To enable traceback see: https://pytorch.org/docs/stable/elastic/errors.html
[6]:
  time      : 2024-04-17_20:19:43
  host      : ip-26-0-160-216.ec2.internal
  rank      : 6 (local_rank: 6)
  exitcode  : 1 (pid: 2499053)
  error_file: <N/A>
  traceback : To enable traceback see: https://pytorch.org/docs/stable/elastic/errors.html
[7]:
  time      : 2024-04-17_20:19:43
  host      : ip-26-0-160-216.ec2.internal
  rank      : 7 (local_rank: 7)
  exitcode  : 1 (pid: 2499054)
  error_file: <N/A>
  traceback : To enable traceback see: https://pytorch.org/docs/stable/elastic/errors.html
------------------------------------------------------------
Root Cause (first observed failure):
[0]:
  time      : 2024-04-17_20:19:43
  host      : ip-26-0-160-216.ec2.internal
  rank      : 0 (local_rank: 0)
  exitcode  : 1 (pid: 2499047)
  error_file: <N/A>
  traceback : To enable traceback see: https://pytorch.org/docs/stable/elastic/errors.html
============================================================
