[2024-04-17 20:19:49,362] [INFO] [real_accelerator.py:203:get_accelerator] Setting ds_accelerator to cuda (auto detect)
[2024-04-17 20:19:50,491] torch.distributed.run: [WARNING] 
[2024-04-17 20:19:50,491] torch.distributed.run: [WARNING] *****************************************
[2024-04-17 20:19:50,491] torch.distributed.run: [WARNING] Setting OMP_NUM_THREADS environment variable for each process to be 1 in default, to avoid your system being overloaded, please further tune the variable for optimal performance in your application as needed. 
[2024-04-17 20:19:50,491] torch.distributed.run: [WARNING] *****************************************
[2024-04-17 20:19:56,280] [INFO] [real_accelerator.py:203:get_accelerator] Setting ds_accelerator to cuda (auto detect)
[2024-04-17 20:19:56,355] [INFO] [real_accelerator.py:203:get_accelerator] Setting ds_accelerator to cuda (auto detect)
[93m [WARNING] [0m async_io requires the dev libaio .so object and headers but these were not found.
[93m [WARNING] [0m async_io: please install the libaio-dev package with apt
[93m [WARNING] [0m If libaio is already installed (perhaps from source), try setting the CFLAGS and LDFLAGS environment variables to where it can be found.
[93m [WARNING] [0m Please specify the CUTLASS repo directory as environment variable $CUTLASS_PATH
[93m [WARNING] [0m async_io requires the dev libaio .so object and headers but these were not found.
[93m [WARNING] [0m async_io: please install the libaio-dev package with apt
[93m [WARNING] [0m If libaio is already installed (perhaps from source), try setting the CFLAGS and LDFLAGS environment variables to where it can be found.
[93m [WARNING] [0m Please specify the CUTLASS repo directory as environment variable $CUTLASS_PATH
[2024-04-17 20:19:56,720] [INFO] [real_accelerator.py:203:get_accelerator] Setting ds_accelerator to cuda (auto detect)
[2024-04-17 20:19:56,849] [INFO] [real_accelerator.py:203:get_accelerator] Setting ds_accelerator to cuda (auto detect)
[2024-04-17 20:19:56,852] [INFO] [real_accelerator.py:203:get_accelerator] Setting ds_accelerator to cuda (auto detect)
[2024-04-17 20:19:56,855] [INFO] [real_accelerator.py:203:get_accelerator] Setting ds_accelerator to cuda (auto detect)
[2024-04-17 20:19:56,899] [INFO] [real_accelerator.py:203:get_accelerator] Setting ds_accelerator to cuda (auto detect)
[93m [WARNING] [0m async_io requires the dev libaio .so object and headers but these were not found.
[93m [WARNING] [0m async_io: please install the libaio-dev package with apt
[93m [WARNING] [0m If libaio is already installed (perhaps from source), try setting the CFLAGS and LDFLAGS environment variables to where it can be found.
[93m [WARNING] [0m Please specify the CUTLASS repo directory as environment variable $CUTLASS_PATH
[2024-04-17 20:19:56,943] [INFO] [real_accelerator.py:203:get_accelerator] Setting ds_accelerator to cuda (auto detect)
[93m [WARNING] [0m sparse_attn requires a torch version >= 1.5 and < 2.0 but detected 2.2
[93m [WARNING] [0m using untested triton version (2.2.0), only 1.0.0 is known to be compatible
[93m [WARNING] [0m sparse_attn requires a torch version >= 1.5 and < 2.0 but detected 2.2
[93m [WARNING] [0m using untested triton version (2.2.0), only 1.0.0 is known to be compatible
[93m [WARNING] [0m async_io requires the dev libaio .so object and headers but these were not found.
[93m [WARNING] [0m async_io requires the dev libaio .so object and headers but these were not found.
[93m [WARNING] [0m async_io requires the dev libaio .so object and headers but these were not found.
[93m [WARNING] [0m async_io: please install the libaio-dev package with apt
[93m [WARNING] [0m If libaio is already installed (perhaps from source), try setting the CFLAGS and LDFLAGS environment variables to where it can be found.
[93m [WARNING] [0m Please specify the CUTLASS repo directory as environment variable $CUTLASS_PATH
[93m [WARNING] [0m async_io: please install the libaio-dev package with apt
[93m [WARNING] [0m If libaio is already installed (perhaps from source), try setting the CFLAGS and LDFLAGS environment variables to where it can be found.
[93m [WARNING] [0m Please specify the CUTLASS repo directory as environment variable $CUTLASS_PATH
[93m [WARNING] [0m async_io: please install the libaio-dev package with apt
[93m [WARNING] [0m If libaio is already installed (perhaps from source), try setting the CFLAGS and LDFLAGS environment variables to where it can be found.
[93m [WARNING] [0m Please specify the CUTLASS repo directory as environment variable $CUTLASS_PATH
[93m [WARNING] [0m async_io requires the dev libaio .so object and headers but these were not found.
[93m [WARNING] [0m async_io: please install the libaio-dev package with apt
[93m [WARNING] [0m If libaio is already installed (perhaps from source), try setting the CFLAGS and LDFLAGS environment variables to where it can be found.
[93m [WARNING] [0m Please specify the CUTLASS repo directory as environment variable $CUTLASS_PATH
[93m [WARNING] [0m async_io requires the dev libaio .so object and headers but these were not found.
[93m [WARNING] [0m async_io: please install the libaio-dev package with apt
[93m [WARNING] [0m If libaio is already installed (perhaps from source), try setting the CFLAGS and LDFLAGS environment variables to where it can be found.
[93m [WARNING] [0m Please specify the CUTLASS repo directory as environment variable $CUTLASS_PATH
[93m [WARNING] [0m sparse_attn requires a torch version >= 1.5 and < 2.0 but detected 2.2
[93m [WARNING] [0m using untested triton version (2.2.0), only 1.0.0 is known to be compatible
[93m [WARNING] [0m sparse_attn requires a torch version >= 1.5 and < 2.0 but detected 2.2
[93m [WARNING] [0m using untested triton version (2.2.0), only 1.0.0 is known to be compatible
[93m [WARNING] [0m sparse_attn requires a torch version >= 1.5 and < 2.0 but detected 2.2
[93m [WARNING] [0m using untested triton version (2.2.0), only 1.0.0 is known to be compatible
[93m [WARNING] [0m sparse_attn requires a torch version >= 1.5 and < 2.0 but detected 2.2
[93m [WARNING] [0m using untested triton version (2.2.0), only 1.0.0 is known to be compatible
[93m [WARNING] [0m sparse_attn requires a torch version >= 1.5 and < 2.0 but detected 2.2
[93m [WARNING] [0m using untested triton version (2.2.0), only 1.0.0 is known to be compatible
[93m [WARNING] [0m sparse_attn requires a torch version >= 1.5 and < 2.0 but detected 2.2
[93m [WARNING] [0m using untested triton version (2.2.0), only 1.0.0 is known to be compatible
[2024-04-17 20:19:59,048] [INFO] [comm.py:637:init_distributed] cdb=None
[2024-04-17 20:19:59,211] [INFO] [comm.py:637:init_distributed] cdb=None
[2024-04-17 20:19:59,399] [INFO] [comm.py:637:init_distributed] cdb=None
[2024-04-17 20:19:59,466] [INFO] [comm.py:637:init_distributed] cdb=None
[2024-04-17 20:19:59,510] [INFO] [comm.py:637:init_distributed] cdb=None
[2024-04-17 20:19:59,526] [INFO] [comm.py:637:init_distributed] cdb=None
[2024-04-17 20:19:59,571] [INFO] [comm.py:637:init_distributed] cdb=None
[2024-04-17 20:19:59,572] [INFO] [comm.py:668:init_distributed] Initializing TorchBackend in DeepSpeed with backend nccl
[2024-04-17 20:19:59,602] [INFO] [comm.py:637:init_distributed] cdb=None
Special tokens have been added in the vocabulary, make sure the associated word embeddings are fine-tuned or trained.
Special tokens have been added in the vocabulary, make sure the associated word embeddings are fine-tuned or trained.
Special tokens have been added in the vocabulary, make sure the associated word embeddings are fine-tuned or trained.
=================
Special tokens have been added in the vocabulary, make sure the associated word embeddings are fine-tuned or trained.
Special tokens have been added in the vocabulary, make sure the associated word embeddings are fine-tuned or trained.
Special tokens have been added in the vocabulary, make sure the associated word embeddings are fine-tuned or trained.
Special tokens have been added in the vocabulary, make sure the associated word embeddings are fine-tuned or trained.
Special tokens have been added in the vocabulary, make sure the associated word embeddings are fine-tuned or trained.
[2024-04-17 20:20:01,748] [INFO] [logging.py:96:log_dist] [Rank 0] DeepSpeed info: version=0.14.1, git-hash=unknown, git-branch=unknown
[2024-04-17 20:20:11,740] [INFO] [logging.py:96:log_dist] [Rank 0] DeepSpeed Flops Profiler Enabled: False
[2024-04-17 20:20:11,741] [INFO] [logging.py:96:log_dist] [Rank 0] Using client Optimizer as basic optimizer
[2024-04-17 20:20:11,741] [INFO] [logging.py:96:log_dist] [Rank 0] Removing param_group that has no 'params' in the basic Optimizer
[2024-04-17 20:20:11,744] [INFO] [logging.py:96:log_dist] [Rank 0] DeepSpeed Basic Optimizer = Adam
[2024-04-17 20:20:11,744] [INFO] [utils.py:56:is_zero_supported_optimizer] Checking ZeRO support for optimizer=Adam type=<class 'torch.optim.adam.Adam'>
[2024-04-17 20:20:11,744] [INFO] [logging.py:96:log_dist] [Rank 0] Creating torch.bfloat16 ZeRO stage 2 optimizer
[2024-04-17 20:20:11,744] [INFO] [stage_1_and_2.py:148:__init__] Reduce bucket size 500,000,000
[2024-04-17 20:20:11,744] [INFO] [stage_1_and_2.py:149:__init__] Allgather bucket size 500,000,000
[2024-04-17 20:20:11,744] [INFO] [stage_1_and_2.py:150:__init__] CPU Offload: False
[2024-04-17 20:20:11,744] [INFO] [stage_1_and_2.py:151:__init__] Round robin gradient partitioning: False
[2024-04-17 20:20:12,236] [INFO] [utils.py:772:see_memory_usage] Before initializing optimizer states
[2024-04-17 20:20:12,236] [INFO] [utils.py:773:see_memory_usage] MA 0.43 GB         Max_MA 0.47 GB         CA 0.63 GB         Max_CA 1 GB 
[2024-04-17 20:20:12,237] [INFO] [utils.py:780:see_memory_usage] CPU Virtual Memory:  used = 537.66 GB, percent = 26.9%
[2024-04-17 20:20:12,319] [INFO] [utils.py:772:see_memory_usage] After initializing optimizer states
[2024-04-17 20:20:12,319] [INFO] [utils.py:773:see_memory_usage] MA 0.43 GB         Max_MA 0.5 GB         CA 0.71 GB         Max_CA 1 GB 
[2024-04-17 20:20:12,319] [INFO] [utils.py:780:see_memory_usage] CPU Virtual Memory:  used = 536.76 GB, percent = 26.8%
[2024-04-17 20:20:12,320] [INFO] [stage_1_and_2.py:543:__init__] optimizer state initialized
🔥 deepspeed2 is initialized
[2024-04-17 20:20:12,404] [INFO] [utils.py:772:see_memory_usage] After initializing ZeRO optimizer
[2024-04-17 20:20:12,405] [INFO] [utils.py:773:see_memory_usage] MA 0.43 GB         Max_MA 0.43 GB         CA 0.71 GB         Max_CA 1 GB 
[2024-04-17 20:20:12,405] [INFO] [utils.py:780:see_memory_usage] CPU Virtual Memory:  used = 536.0 GB, percent = 26.8%
[2024-04-17 20:20:12,406] [INFO] [logging.py:96:log_dist] [Rank 0] DeepSpeed Final Optimizer = Adam
[2024-04-17 20:20:12,406] [INFO] [logging.py:96:log_dist] [Rank 0] DeepSpeed using client LR scheduler
[2024-04-17 20:20:12,406] [INFO] [logging.py:96:log_dist] [Rank 0] DeepSpeed LR Scheduler = None
[2024-04-17 20:20:12,406] [INFO] [logging.py:96:log_dist] [Rank 0] step=0, skipped=0, lr=[0.01], mom=[(0.9, 0.999)]
[2024-04-17 20:20:12,406] [INFO] [config.py:996:print] DeepSpeedEngine configuration:
[2024-04-17 20:20:12,407] [INFO] [config.py:1000:print]   activation_checkpointing_config  {
    "partition_activations": false, 
    "contiguous_memory_optimization": false, 
    "cpu_checkpointing": false, 
    "number_checkpoints": null, 
    "synchronize_checkpoint_boundary": false, 
    "profile": false
}
[2024-04-17 20:20:12,407] [INFO] [config.py:1000:print]   aio_config ................... {'block_size': 1048576, 'queue_depth': 8, 'thread_count': 1, 'single_submit': False, 'overlap_events': True}
[2024-04-17 20:20:12,407] [INFO] [config.py:1000:print]   amp_enabled .................. False
[2024-04-17 20:20:12,407] [INFO] [config.py:1000:print]   amp_params ................... False
[2024-04-17 20:20:12,407] [INFO] [config.py:1000:print]   autotuning_config ............ {
    "enabled": false, 
    "start_step": null, 
    "end_step": null, 
    "metric_path": null, 
    "arg_mappings": null, 
    "metric": "throughput", 
    "model_info": null, 
    "results_dir": "autotuning_results", 
    "exps_dir": "autotuning_exps", 
    "overwrite": true, 
    "fast": true, 
    "start_profile_step": 3, 
    "end_profile_step": 5, 
    "tuner_type": "gridsearch", 
    "tuner_early_stopping": 5, 
    "tuner_num_trials": 50, 
    "model_info_path": null, 
    "mp_size": 1, 
    "max_train_batch_size": null, 
    "min_train_batch_size": 1, 
    "max_train_micro_batch_size_per_gpu": 1.024000e+03, 
    "min_train_micro_batch_size_per_gpu": 1, 
    "num_tuning_micro_batch_sizes": 3
}
[2024-04-17 20:20:12,407] [INFO] [config.py:1000:print]   bfloat16_enabled ............. True
[2024-04-17 20:20:12,407] [INFO] [config.py:1000:print]   bfloat16_immediate_grad_update  False
[2024-04-17 20:20:12,407] [INFO] [config.py:1000:print]   checkpoint_parallel_write_pipeline  False
[2024-04-17 20:20:12,407] [INFO] [config.py:1000:print]   checkpoint_tag_validation_enabled  True
[2024-04-17 20:20:12,407] [INFO] [config.py:1000:print]   checkpoint_tag_validation_fail  False
[2024-04-17 20:20:12,407] [INFO] [config.py:1000:print]   comms_config ................. <deepspeed.comm.config.DeepSpeedCommsConfig object at 0x7fbb735c3b50>
[2024-04-17 20:20:12,407] [INFO] [config.py:1000:print]   communication_data_type ...... None
[2024-04-17 20:20:12,407] [INFO] [config.py:1000:print]   compile_config ............... enabled=False backend='inductor' kwargs={}
[2024-04-17 20:20:12,407] [INFO] [config.py:1000:print]   compression_config ........... {'weight_quantization': {'shared_parameters': {'enabled': False, 'quantizer_kernel': False, 'schedule_offset': 0, 'quantize_groups': 1, 'quantize_verbose': False, 'quantization_type': 'symmetric', 'quantize_weight_in_forward': False, 'rounding': 'nearest', 'fp16_mixed_quantize': False, 'quantize_change_ratio': 0.001}, 'different_groups': {}}, 'activation_quantization': {'shared_parameters': {'enabled': False, 'quantization_type': 'symmetric', 'range_calibration': 'dynamic', 'schedule_offset': 1000}, 'different_groups': {}}, 'sparse_pruning': {'shared_parameters': {'enabled': False, 'method': 'l1', 'schedule_offset': 1000}, 'different_groups': {}}, 'row_pruning': {'shared_parameters': {'enabled': False, 'method': 'l1', 'schedule_offset': 1000}, 'different_groups': {}}, 'head_pruning': {'shared_parameters': {'enabled': False, 'method': 'topk', 'schedule_offset': 1000}, 'different_groups': {}}, 'channel_pruning': {'shared_parameters': {'enabled': False, 'method': 'l1', 'schedule_offset': 1000}, 'different_groups': {}}, 'layer_reduction': {'enabled': False}}
[2024-04-17 20:20:12,407] [INFO] [config.py:1000:print]   curriculum_enabled_legacy .... False
[2024-04-17 20:20:12,407] [INFO] [config.py:1000:print]   curriculum_params_legacy ..... False
[2024-04-17 20:20:12,407] [INFO] [config.py:1000:print]   data_efficiency_config ....... {'enabled': False, 'seed': 1234, 'data_sampling': {'enabled': False, 'num_epochs': 1000, 'num_workers': 0, 'curriculum_learning': {'enabled': False}}, 'data_routing': {'enabled': False, 'random_ltd': {'enabled': False, 'layer_token_lr_schedule': {'enabled': False}}}}
[2024-04-17 20:20:12,407] [INFO] [config.py:1000:print]   data_efficiency_enabled ...... False
[2024-04-17 20:20:12,407] [INFO] [config.py:1000:print]   dataloader_drop_last ......... False
[2024-04-17 20:20:12,407] [INFO] [config.py:1000:print]   disable_allgather ............ False
[2024-04-17 20:20:12,407] [INFO] [config.py:1000:print]   dump_state ................... False
[2024-04-17 20:20:12,407] [INFO] [config.py:1000:print]   dynamic_loss_scale_args ...... None
[2024-04-17 20:20:12,408] [INFO] [config.py:1000:print]   eigenvalue_enabled ........... False
[2024-04-17 20:20:12,408] [INFO] [config.py:1000:print]   eigenvalue_gas_boundary_resolution  1
[2024-04-17 20:20:12,408] [INFO] [config.py:1000:print]   eigenvalue_layer_name ........ bert.encoder.layer
[2024-04-17 20:20:12,408] [INFO] [config.py:1000:print]   eigenvalue_layer_num ......... 0
[2024-04-17 20:20:12,408] [INFO] [config.py:1000:print]   eigenvalue_max_iter .......... 100
[2024-04-17 20:20:12,408] [INFO] [config.py:1000:print]   eigenvalue_stability ......... 1e-06
[2024-04-17 20:20:12,408] [INFO] [config.py:1000:print]   eigenvalue_tol ............... 0.01
[2024-04-17 20:20:12,408] [INFO] [config.py:1000:print]   eigenvalue_verbose ........... False
[2024-04-17 20:20:12,408] [INFO] [config.py:1000:print]   elasticity_enabled ........... False
[2024-04-17 20:20:12,408] [INFO] [config.py:1000:print]   flops_profiler_config ........ {
    "enabled": false, 
    "recompute_fwd_factor": 0.0, 
    "profile_step": 1, 
    "module_depth": -1, 
    "top_modules": 1, 
    "detailed": true, 
    "output_file": null
}
[2024-04-17 20:20:12,408] [INFO] [config.py:1000:print]   fp16_auto_cast ............... None
[2024-04-17 20:20:12,408] [INFO] [config.py:1000:print]   fp16_enabled ................. False
[2024-04-17 20:20:12,408] [INFO] [config.py:1000:print]   fp16_master_weights_and_gradients  False
[2024-04-17 20:20:12,408] [INFO] [config.py:1000:print]   global_rank .................. 0
[2024-04-17 20:20:12,408] [INFO] [config.py:1000:print]   grad_accum_dtype ............. None
[2024-04-17 20:20:12,408] [INFO] [config.py:1000:print]   gradient_accumulation_steps .. 1
[2024-04-17 20:20:12,408] [INFO] [config.py:1000:print]   gradient_clipping ............ 0.0
[2024-04-17 20:20:12,408] [INFO] [config.py:1000:print]   gradient_predivide_factor .... 1.0
[2024-04-17 20:20:12,408] [INFO] [config.py:1000:print]   graph_harvesting ............. False
[2024-04-17 20:20:12,408] [INFO] [config.py:1000:print]   hybrid_engine ................ enabled=False max_out_tokens=512 inference_tp_size=1 release_inference_cache=False pin_parameters=True tp_gather_partition_size=8
[2024-04-17 20:20:12,408] [INFO] [config.py:1000:print]   initial_dynamic_scale ........ 1
[2024-04-17 20:20:12,408] [INFO] [config.py:1000:print]   load_universal_checkpoint .... False
[2024-04-17 20:20:12,408] [INFO] [config.py:1000:print]   loss_scale ................... 1.0
[2024-04-17 20:20:12,408] [INFO] [config.py:1000:print]   memory_breakdown ............. False
[2024-04-17 20:20:12,408] [INFO] [config.py:1000:print]   mics_hierarchial_params_gather  False
[2024-04-17 20:20:12,408] [INFO] [config.py:1000:print]   mics_shard_size .............. -1
[2024-04-17 20:20:12,408] [INFO] [config.py:1000:print]   monitor_config ............... tensorboard=TensorBoardConfig(enabled=False, output_path='', job_name='DeepSpeedJobName') wandb=WandbConfig(enabled=False, group=None, team=None, project='deepspeed') csv_monitor=CSVConfig(enabled=False, output_path='', job_name='DeepSpeedJobName') enabled=False
[2024-04-17 20:20:12,408] [INFO] [config.py:1000:print]   nebula_config ................ {
    "enabled": false, 
    "persistent_storage_path": null, 
    "persistent_time_interval": 100, 
    "num_of_version_in_retention": 2, 
    "enable_nebula_load": true, 
    "load_path": null
}
[2024-04-17 20:20:12,408] [INFO] [config.py:1000:print]   optimizer_legacy_fusion ...... False
[2024-04-17 20:20:12,408] [INFO] [config.py:1000:print]   optimizer_name ............... None
[2024-04-17 20:20:12,408] [INFO] [config.py:1000:print]   optimizer_params ............. None
[2024-04-17 20:20:12,408] [INFO] [config.py:1000:print]   pipeline ..................... {'stages': 'auto', 'partition': 'best', 'seed_layers': False, 'activation_checkpoint_interval': 0, 'pipe_partitioned': True, 'grad_partitioned': True}
[2024-04-17 20:20:12,408] [INFO] [config.py:1000:print]   pld_enabled .................. False
[2024-04-17 20:20:12,408] [INFO] [config.py:1000:print]   pld_params ................... False
[2024-04-17 20:20:12,408] [INFO] [config.py:1000:print]   prescale_gradients ........... False
[2024-04-17 20:20:12,408] [INFO] [config.py:1000:print]   scheduler_name ............... None
[2024-04-17 20:20:12,408] [INFO] [config.py:1000:print]   scheduler_params ............. None
[2024-04-17 20:20:12,408] [INFO] [config.py:1000:print]   seq_parallel_communication_data_type  torch.float32
[2024-04-17 20:20:12,408] [INFO] [config.py:1000:print]   sparse_attention ............. None
[2024-04-17 20:20:12,408] [INFO] [config.py:1000:print]   sparse_gradients_enabled ..... False
[2024-04-17 20:20:12,408] [INFO] [config.py:1000:print]   steps_per_print .............. inf
[2024-04-17 20:20:12,408] [INFO] [config.py:1000:print]   train_batch_size ............. 512
[2024-04-17 20:20:12,408] [INFO] [config.py:1000:print]   train_micro_batch_size_per_gpu  64
[2024-04-17 20:20:12,408] [INFO] [config.py:1000:print]   use_data_before_expert_parallel_  False
[2024-04-17 20:20:12,408] [INFO] [config.py:1000:print]   use_node_local_storage ....... False
[2024-04-17 20:20:12,408] [INFO] [config.py:1000:print]   wall_clock_breakdown ......... False
[2024-04-17 20:20:12,408] [INFO] [config.py:1000:print]   weight_quantization_config ... None
[2024-04-17 20:20:12,408] [INFO] [config.py:1000:print]   world_size ................... 8
[2024-04-17 20:20:12,409] [INFO] [config.py:1000:print]   zero_allow_untested_optimizer  True
[2024-04-17 20:20:12,409] [INFO] [config.py:1000:print]   zero_config .................. stage=2 contiguous_gradients=True reduce_scatter=True reduce_bucket_size=500,000,000 use_multi_rank_bucket_allreduce=True allgather_partitions=True allgather_bucket_size=500,000,000 overlap_comm=False load_from_fp32_weights=True elastic_checkpoint=False offload_param=DeepSpeedZeroOffloadParamConfig(device='none', nvme_path=None, buffer_count=5, buffer_size=100,000,000, max_in_cpu=1,000,000,000, pin_memory=False) offload_optimizer=DeepSpeedZeroOffloadOptimizerConfig(device='none', nvme_path=None, buffer_count=4, pin_memory=False, pipeline=False, pipeline_read=False, pipeline_write=False, fast_init=False, ratio=1.0) sub_group_size=1,000,000,000 cpu_offload_param=None cpu_offload_use_pin_memory=None cpu_offload=None prefetch_bucket_size=50,000,000 param_persistence_threshold=100,000 model_persistence_threshold=sys.maxsize max_live_parameters=1,000,000,000 max_reuse_distance=1,000,000,000 gather_16bit_weights_on_model_save=False stage3_gather_fp16_weights_on_model_save=False ignore_unused_parameters=True legacy_stage1=False round_robin_gradients=False zero_hpz_partition_size=1 zero_quantized_weights=False zero_quantized_nontrainable_weights=False zero_quantized_gradients=False mics_shard_size=-1 mics_hierarchical_params_gather=False memory_efficient_linear=True pipeline_loading_checkpoint=False override_module_apply=True
[2024-04-17 20:20:12,409] [INFO] [config.py:1000:print]   zero_enabled ................. True
[2024-04-17 20:20:12,409] [INFO] [config.py:1000:print]   zero_force_ds_cpu_optimizer .. True
[2024-04-17 20:20:12,409] [INFO] [config.py:1000:print]   zero_optimization_stage ...... 2
[2024-04-17 20:20:12,409] [INFO] [config.py:986:print_user_config]   json = {
    "train_batch_size": 512, 
    "train_micro_batch_size_per_gpu": 64, 
    "gradient_accumulation_steps": 1, 
    "zero_optimization": {
        "stage": 2, 
        "offload_optimizer": {
            "device": "none", 
            "nvme_path": null
        }, 
        "offload_param": {
            "device": "none", 
            "nvme_path": null
        }, 
        "stage3_gather_16bit_weights_on_model_save": false
    }, 
    "steps_per_print": inf, 
    "bf16": {
        "enabled": true
    }, 
    "fp16": {
        "enabled": false
    }, 
    "zero_allow_untested_optimizer": true
}
{'transformers': '4.39.3', 'accelerate': '0.29.3', 'deepspeed': '0.14.1', 'datasets': '2.18.0'}
[2024-04-17 20:20:12,409] [INFO] [logging.py:96:log_dist] [Rank 0] DeepSpeed info: version=0.14.1, git-hash=unknown, git-branch=unknown
🔥 deepspeed2 is initialized
🔥 deepspeed2 is initialized
🔥 deepspeed2 is initialized
🔥 deepspeed2 is initialized
🔥 deepspeed2 is initialized
🔥 deepspeed2 is initialized
[2024-04-17 20:20:12,755] [INFO] [logging.py:96:log_dist] [Rank 0] DeepSpeed Flops Profiler Enabled: False
[2024-04-17 20:20:12,756] [INFO] [logging.py:96:log_dist] [Rank 0] Creating BF16 optimizer
[2024-04-17 20:20:12,848] [INFO] [utils.py:772:see_memory_usage] begin bf16_optimizer
[2024-04-17 20:20:12,848] [INFO] [utils.py:773:see_memory_usage] MA 0.79 GB         Max_MA 0.79 GB         CA 0.8 GB         Max_CA 1 GB 
[2024-04-17 20:20:12,849] [INFO] [utils.py:780:see_memory_usage] CPU Virtual Memory:  used = 534.82 GB, percent = 26.7%
[2024-04-17 20:20:12,925] [INFO] [utils.py:772:see_memory_usage] end bf16_optimizer
[2024-04-17 20:20:12,925] [INFO] [utils.py:773:see_memory_usage] MA 0.79 GB         Max_MA 0.79 GB         CA 0.8 GB         Max_CA 1 GB 
[2024-04-17 20:20:12,925] [INFO] [utils.py:780:see_memory_usage] CPU Virtual Memory:  used = 534.82 GB, percent = 26.7%
[2024-04-17 20:20:12,926] [INFO] [config.py:996:print] DeepSpeedEngine configuration:
[2024-04-17 20:20:12,926] [INFO] [config.py:1000:print]   activation_checkpointing_config  {
    "partition_activations": false, 
    "contiguous_memory_optimization": false, 
    "cpu_checkpointing": false, 
    "number_checkpoints": null, 
    "synchronize_checkpoint_boundary": false, 
    "profile": false
}
[2024-04-17 20:20:12,926] [INFO] [config.py:1000:print]   aio_config ................... {'block_size': 1048576, 'queue_depth': 8, 'thread_count': 1, 'single_submit': False, 'overlap_events': True}
[2024-04-17 20:20:12,926] [INFO] [config.py:1000:print]   amp_enabled .................. False
[2024-04-17 20:20:12,926] [INFO] [config.py:1000:print]   amp_params ................... False
[2024-04-17 20:20:12,926] [INFO] [config.py:1000:print]   autotuning_config ............ {
    "enabled": false, 
    "start_step": null, 
    "end_step": null, 
    "metric_path": null, 
    "arg_mappings": null, 
    "metric": "throughput", 
    "model_info": null, 
    "results_dir": "autotuning_results", 
    "exps_dir": "autotuning_exps", 
    "overwrite": true, 
    "fast": true, 
    "start_profile_step": 3, 
    "end_profile_step": 5, 
    "tuner_type": "gridsearch", 
    "tuner_early_stopping": 5, 
    "tuner_num_trials": 50, 
    "model_info_path": null, 
    "mp_size": 1, 
    "max_train_batch_size": null, 
    "min_train_batch_size": 1, 
    "max_train_micro_batch_size_per_gpu": 1.024000e+03, 
    "min_train_micro_batch_size_per_gpu": 1, 
    "num_tuning_micro_batch_sizes": 3
}
[2024-04-17 20:20:12,926] [INFO] [config.py:1000:print]   bfloat16_enabled ............. True
[2024-04-17 20:20:12,926] [INFO] [config.py:1000:print]   bfloat16_immediate_grad_update  False
[2024-04-17 20:20:12,926] [INFO] [config.py:1000:print]   checkpoint_parallel_write_pipeline  False
[2024-04-17 20:20:12,926] [INFO] [config.py:1000:print]   checkpoint_tag_validation_enabled  True
[2024-04-17 20:20:12,926] [INFO] [config.py:1000:print]   checkpoint_tag_validation_fail  False
[2024-04-17 20:20:12,926] [INFO] [config.py:1000:print]   comms_config ................. <deepspeed.comm.config.DeepSpeedCommsConfig object at 0x7fbb735c1720>
[2024-04-17 20:20:12,926] [INFO] [config.py:1000:print]   communication_data_type ...... None
[2024-04-17 20:20:12,926] [INFO] [config.py:1000:print]   compile_config ............... enabled=False backend='inductor' kwargs={}
[2024-04-17 20:20:12,926] [INFO] [config.py:1000:print]   compression_config ........... {'weight_quantization': {'shared_parameters': {'enabled': False, 'quantizer_kernel': False, 'schedule_offset': 0, 'quantize_groups': 1, 'quantize_verbose': False, 'quantization_type': 'symmetric', 'quantize_weight_in_forward': False, 'rounding': 'nearest', 'fp16_mixed_quantize': False, 'quantize_change_ratio': 0.001}, 'different_groups': {}}, 'activation_quantization': {'shared_parameters': {'enabled': False, 'quantization_type': 'symmetric', 'range_calibration': 'dynamic', 'schedule_offset': 1000}, 'different_groups': {}}, 'sparse_pruning': {'shared_parameters': {'enabled': False, 'method': 'l1', 'schedule_offset': 1000}, 'different_groups': {}}, 'row_pruning': {'shared_parameters': {'enabled': False, 'method': 'l1', 'schedule_offset': 1000}, 'different_groups': {}}, 'head_pruning': {'shared_parameters': {'enabled': False, 'method': 'topk', 'schedule_offset': 1000}, 'different_groups': {}}, 'channel_pruning': {'shared_parameters': {'enabled': False, 'method': 'l1', 'schedule_offset': 1000}, 'different_groups': {}}, 'layer_reduction': {'enabled': False}}
[2024-04-17 20:20:12,926] [INFO] [config.py:1000:print]   curriculum_enabled_legacy .... False
[2024-04-17 20:20:12,926] [INFO] [config.py:1000:print]   curriculum_params_legacy ..... False
[2024-04-17 20:20:12,926] [INFO] [config.py:1000:print]   data_efficiency_config ....... {'enabled': False, 'seed': 1234, 'data_sampling': {'enabled': False, 'num_epochs': 1000, 'num_workers': 0, 'curriculum_learning': {'enabled': False}}, 'data_routing': {'enabled': False, 'random_ltd': {'enabled': False, 'layer_token_lr_schedule': {'enabled': False}}}}
[2024-04-17 20:20:12,927] [INFO] [config.py:1000:print]   data_efficiency_enabled ...... False
[2024-04-17 20:20:12,927] [INFO] [config.py:1000:print]   dataloader_drop_last ......... False
[2024-04-17 20:20:12,927] [INFO] [config.py:1000:print]   disable_allgather ............ False
[2024-04-17 20:20:12,927] [INFO] [config.py:1000:print]   dump_state ................... False
[2024-04-17 20:20:12,927] [INFO] [config.py:1000:print]   dynamic_loss_scale_args ...... None
[2024-04-17 20:20:12,927] [INFO] [config.py:1000:print]   eigenvalue_enabled ........... False
[2024-04-17 20:20:12,927] [INFO] [config.py:1000:print]   eigenvalue_gas_boundary_resolution  1
[2024-04-17 20:20:12,927] [INFO] [config.py:1000:print]   eigenvalue_layer_name ........ bert.encoder.layer
[2024-04-17 20:20:12,927] [INFO] [config.py:1000:print]   eigenvalue_layer_num ......... 0
[2024-04-17 20:20:12,927] [INFO] [config.py:1000:print]   eigenvalue_max_iter .......... 100
[2024-04-17 20:20:12,927] [INFO] [config.py:1000:print]   eigenvalue_stability ......... 1e-06
[2024-04-17 20:20:12,927] [INFO] [config.py:1000:print]   eigenvalue_tol ............... 0.01
[2024-04-17 20:20:12,927] [INFO] [config.py:1000:print]   eigenvalue_verbose ........... False
[2024-04-17 20:20:12,927] [INFO] [config.py:1000:print]   elasticity_enabled ........... False
[2024-04-17 20:20:12,927] [INFO] [config.py:1000:print]   flops_profiler_config ........ {
    "enabled": false, 
    "recompute_fwd_factor": 0.0, 
    "profile_step": 1, 
    "module_depth": -1, 
    "top_modules": 1, 
    "detailed": true, 
    "output_file": null
}
[2024-04-17 20:20:12,927] [INFO] [config.py:1000:print]   fp16_auto_cast ............... None
[2024-04-17 20:20:12,927] [INFO] [config.py:1000:print]   fp16_enabled ................. False
[2024-04-17 20:20:12,927] [INFO] [config.py:1000:print]   fp16_master_weights_and_gradients  False
[2024-04-17 20:20:12,927] [INFO] [config.py:1000:print]   global_rank .................. 0
[2024-04-17 20:20:12,927] [INFO] [config.py:1000:print]   grad_accum_dtype ............. None
[2024-04-17 20:20:12,927] [INFO] [config.py:1000:print]   gradient_accumulation_steps .. 1
[2024-04-17 20:20:12,927] [INFO] [config.py:1000:print]   gradient_clipping ............ 0.0
[2024-04-17 20:20:12,927] [INFO] [config.py:1000:print]   gradient_predivide_factor .... 1.0
[2024-04-17 20:20:12,927] [INFO] [config.py:1000:print]   graph_harvesting ............. False
[2024-04-17 20:20:12,927] [INFO] [config.py:1000:print]   hybrid_engine ................ enabled=False max_out_tokens=512 inference_tp_size=1 release_inference_cache=False pin_parameters=True tp_gather_partition_size=8
[2024-04-17 20:20:12,927] [INFO] [config.py:1000:print]   initial_dynamic_scale ........ 1
[2024-04-17 20:20:12,927] [INFO] [config.py:1000:print]   load_universal_checkpoint .... False
[2024-04-17 20:20:12,927] [INFO] [config.py:1000:print]   loss_scale ................... 1.0
[2024-04-17 20:20:12,927] [INFO] [config.py:1000:print]   memory_breakdown ............. False
[2024-04-17 20:20:12,927] [INFO] [config.py:1000:print]   mics_hierarchial_params_gather  False
[2024-04-17 20:20:12,927] [INFO] [config.py:1000:print]   mics_shard_size .............. -1
[2024-04-17 20:20:12,927] [INFO] [config.py:1000:print]   monitor_config ............... tensorboard=TensorBoardConfig(enabled=False, output_path='', job_name='DeepSpeedJobName') wandb=WandbConfig(enabled=False, group=None, team=None, project='deepspeed') csv_monitor=CSVConfig(enabled=False, output_path='', job_name='DeepSpeedJobName') enabled=False
[2024-04-17 20:20:12,927] [INFO] [config.py:1000:print]   nebula_config ................ {
    "enabled": false, 
    "persistent_storage_path": null, 
    "persistent_time_interval": 100, 
    "num_of_version_in_retention": 2, 
    "enable_nebula_load": true, 
    "load_path": null
}
[2024-04-17 20:20:12,927] [INFO] [config.py:1000:print]   optimizer_legacy_fusion ...... False
[2024-04-17 20:20:12,927] [INFO] [config.py:1000:print]   optimizer_name ............... None
[2024-04-17 20:20:12,927] [INFO] [config.py:1000:print]   optimizer_params ............. None
[2024-04-17 20:20:12,927] [INFO] [config.py:1000:print]   pipeline ..................... {'stages': 'auto', 'partition': 'best', 'seed_layers': False, 'activation_checkpoint_interval': 0, 'pipe_partitioned': True, 'grad_partitioned': True}
[2024-04-17 20:20:12,927] [INFO] [config.py:1000:print]   pld_enabled .................. False
[2024-04-17 20:20:12,927] [INFO] [config.py:1000:print]   pld_params ................... False
[2024-04-17 20:20:12,927] [INFO] [config.py:1000:print]   prescale_gradients ........... False
[2024-04-17 20:20:12,927] [INFO] [config.py:1000:print]   scheduler_name ............... None
[2024-04-17 20:20:12,927] [INFO] [config.py:1000:print]   scheduler_params ............. None
[2024-04-17 20:20:12,927] [INFO] [config.py:1000:print]   seq_parallel_communication_data_type  torch.float32
[2024-04-17 20:20:12,927] [INFO] [config.py:1000:print]   sparse_attention ............. None
[2024-04-17 20:20:12,927] [INFO] [config.py:1000:print]   sparse_gradients_enabled ..... False
[2024-04-17 20:20:12,927] [INFO] [config.py:1000:print]   steps_per_print .............. 10
[2024-04-17 20:20:12,927] [INFO] [config.py:1000:print]   train_batch_size ............. 512
[2024-04-17 20:20:12,927] [INFO] [config.py:1000:print]   train_micro_batch_size_per_gpu  64
[2024-04-17 20:20:12,927] [INFO] [config.py:1000:print]   use_data_before_expert_parallel_  False
[2024-04-17 20:20:12,928] [INFO] [config.py:1000:print]   use_node_local_storage ....... False
[2024-04-17 20:20:12,928] [INFO] [config.py:1000:print]   wall_clock_breakdown ......... False
[2024-04-17 20:20:12,928] [INFO] [config.py:1000:print]   weight_quantization_config ... None
[2024-04-17 20:20:12,928] [INFO] [config.py:1000:print]   world_size ................... 8
[2024-04-17 20:20:12,928] [INFO] [config.py:1000:print]   zero_allow_untested_optimizer  False
[2024-04-17 20:20:12,928] [INFO] [config.py:1000:print]   zero_config .................. stage=0 contiguous_gradients=True reduce_scatter=True reduce_bucket_size=500,000,000 use_multi_rank_bucket_allreduce=True allgather_partitions=True allgather_bucket_size=500,000,000 overlap_comm=False load_from_fp32_weights=True elastic_checkpoint=False offload_param=None offload_optimizer=None sub_group_size=1,000,000,000 cpu_offload_param=None cpu_offload_use_pin_memory=None cpu_offload=None prefetch_bucket_size=50,000,000 param_persistence_threshold=100,000 model_persistence_threshold=sys.maxsize max_live_parameters=1,000,000,000 max_reuse_distance=1,000,000,000 gather_16bit_weights_on_model_save=False stage3_gather_fp16_weights_on_model_save=False ignore_unused_parameters=True legacy_stage1=False round_robin_gradients=False zero_hpz_partition_size=1 zero_quantized_weights=False zero_quantized_nontrainable_weights=False zero_quantized_gradients=False mics_shard_size=-1 mics_hierarchical_params_gather=False memory_efficient_linear=True pipeline_loading_checkpoint=False override_module_apply=True
[2024-04-17 20:20:12,928] [INFO] [config.py:1000:print]   zero_enabled ................. False
[2024-04-17 20:20:12,928] [INFO] [config.py:1000:print]   zero_force_ds_cpu_optimizer .. True
[2024-04-17 20:20:12,928] [INFO] [config.py:1000:print]   zero_optimization_stage ...... 0
[2024-04-17 20:20:12,928] [INFO] [config.py:986:print_user_config]   json = {
    "train_micro_batch_size_per_gpu": 64, 
    "bf16": {
        "enabled": true
    }, 
    "prescale_gradients": false, 
    "wall_clock_breakdown": false
}
🔥 deepspeed2 is initialized
Traceback (most recent call last):
  File "/fsx/costa/zero3_min_repro/min_repro.py", line 157, in <module>
    torch.testing.assert_close(ref_logprob, logprob, rtol=1e-2, atol=1e-2) # a very generous tolerance
  File "/fsx/costa/zero3_min_repro/.venv/lib/python3.10/site-packages/torch/testing/_comparison.py", line 1520, in assert_close
    raise error_metas[0].to_error(msg)
AssertionError: Tensor-likes are not close!

Mismatched elements: 2587 / 3200 (80.8%)
Greatest absolute difference: 14.75 at index (14, 36) (up to 0.01 allowed)
Greatest relative difference: 4672.0 at index (12, 26) (up to 0.01 allowed)
Traceback (most recent call last):
  File "/fsx/costa/zero3_min_repro/min_repro.py", line 157, in <module>
    torch.testing.assert_close(ref_logprob, logprob, rtol=1e-2, atol=1e-2) # a very generous tolerance
  File "/fsx/costa/zero3_min_repro/.venv/lib/python3.10/site-packages/torch/testing/_comparison.py", line 1520, in assert_close
    raise error_metas[0].to_error(msg)
AssertionError: Tensor-likes are not close!

Mismatched elements: 2593 / 3200 (81.0%)
Greatest absolute difference: 14.0 at index (17, 19) (up to 0.01 allowed)
Greatest relative difference: 3168.0 at index (10, 38) (up to 0.01 allowed)
Traceback (most recent call last):
  File "/fsx/costa/zero3_min_repro/min_repro.py", line 157, in <module>
    torch.testing.assert_close(ref_logprob, logprob, rtol=1e-2, atol=1e-2) # a very generous tolerance
  File "/fsx/costa/zero3_min_repro/.venv/lib/python3.10/site-packages/torch/testing/_comparison.py", line 1520, in assert_close
    raise error_metas[0].to_error(msg)
AssertionError: Tensor-likes are not close!

Mismatched elements: 2584 / 3200 (80.8%)
Greatest absolute difference: 14.4375 at index (23, 15) (up to 0.01 allowed)
Greatest relative difference: 2576.0 at index (56, 38) (up to 0.01 allowed)
Traceback (most recent call last):
  File "/fsx/costa/zero3_min_repro/min_repro.py", line 157, in <module>
    torch.testing.assert_close(ref_logprob, logprob, rtol=1e-2, atol=1e-2) # a very generous tolerance
  File "/fsx/costa/zero3_min_repro/.venv/lib/python3.10/site-packages/torch/testing/_comparison.py", line 1520, in assert_close
    raise error_metas[0].to_error(msg)
AssertionError: Tensor-likes are not close!

Mismatched elements: 2552 / 3200 (79.8%)
Greatest absolute difference: 13.9375 at index (34, 36) (up to 0.01 allowed)
Greatest relative difference: 2592.0 at index (18, 43) (up to 0.01 allowed)
Traceback (most recent call last):
  File "/fsx/costa/zero3_min_repro/min_repro.py", line 157, in <module>
    torch.testing.assert_close(ref_logprob, logprob, rtol=1e-2, atol=1e-2) # a very generous tolerance
  File "/fsx/costa/zero3_min_repro/.venv/lib/python3.10/site-packages/torch/testing/_comparison.py", line 1520, in assert_close
    raise error_metas[0].to_error(msg)
AssertionError: Tensor-likes are not close!

Mismatched elements: 2608 / 3200 (81.5%)
Greatest absolute difference: 14.875 at index (25, 10) (up to 0.01 allowed)
Greatest relative difference: 2032.0 at index (22, 31) (up to 0.01 allowed)
Traceback (most recent call last):
  File "/fsx/costa/zero3_min_repro/min_repro.py", line 157, in <module>
    torch.testing.assert_close(ref_logprob, logprob, rtol=1e-2, atol=1e-2) # a very generous tolerance
  File "/fsx/costa/zero3_min_repro/.venv/lib/python3.10/site-packages/torch/testing/_comparison.py", line 1520, in assert_close
    raise error_metas[0].to_error(msg)
AssertionError: Tensor-likes are not close!

Mismatched elements: 2566 / 3200 (80.2%)
Greatest absolute difference: 14.4375 at index (33, 17) (up to 0.01 allowed)
Greatest relative difference: 2720.0 at index (36, 10) (up to 0.01 allowed)
Traceback (most recent call last):
  File "/fsx/costa/zero3_min_repro/min_repro.py", line 157, in <module>
    torch.testing.assert_close(ref_logprob, logprob, rtol=1e-2, atol=1e-2) # a very generous tolerance
  File "/fsx/costa/zero3_min_repro/.venv/lib/python3.10/site-packages/torch/testing/_comparison.py", line 1520, in assert_close
    raise error_metas[0].to_error(msg)
AssertionError: Tensor-likes are not close!

Mismatched elements: 2625 / 3200 (82.0%)
Greatest absolute difference: 13.6875 at index (61, 47) (up to 0.01 allowed)
Greatest relative difference: 2480.0 at index (5, 39) (up to 0.01 allowed)
(ref_logprob-logprob).exp().mean()=tensor(1.1328, device='cuda:0', dtype=torch.bfloat16)
Traceback (most recent call last):
  File "/fsx/costa/zero3_min_repro/min_repro.py", line 157, in <module>
    torch.testing.assert_close(ref_logprob, logprob, rtol=1e-2, atol=1e-2) # a very generous tolerance
  File "/fsx/costa/zero3_min_repro/.venv/lib/python3.10/site-packages/torch/testing/_comparison.py", line 1520, in assert_close
    raise error_metas[0].to_error(msg)
AssertionError: Tensor-likes are not close!

Mismatched elements: 2603 / 3200 (81.3%)
Greatest absolute difference: 14.5 at index (53, 15) (up to 0.01 allowed)
Greatest relative difference: 2416.0 at index (21, 28) (up to 0.01 allowed)
[2024-04-17 20:20:15,526] torch.distributed.elastic.multiprocessing.api: [WARNING] Sending process 2499704 closing signal SIGTERM
[2024-04-17 20:20:15,527] torch.distributed.elastic.multiprocessing.api: [WARNING] Sending process 2499707 closing signal SIGTERM
[2024-04-17 20:20:15,804] torch.distributed.elastic.multiprocessing.api: [ERROR] failed (exitcode: 1) local_rank: 1 (pid: 2499705) of binary: /fsx/costa/zero3_min_repro/.venv/bin/python
[93m [WARNING] [0m async_io requires the dev libaio .so object and headers but these were not found.
[93m [WARNING] [0m async_io: please install the libaio-dev package with apt
[93m [WARNING] [0m If libaio is already installed (perhaps from source), try setting the CFLAGS and LDFLAGS environment variables to where it can be found.
[93m [WARNING] [0m Please specify the CUTLASS repo directory as environment variable $CUTLASS_PATH
[93m [WARNING] [0m sparse_attn requires a torch version >= 1.5 and < 2.0 but detected 2.2
[93m [WARNING] [0m using untested triton version (2.2.0), only 1.0.0 is known to be compatible
Traceback (most recent call last):
  File "/fsx/costa/zero3_min_repro/.venv/bin/accelerate", line 8, in <module>
    sys.exit(main())
  File "/fsx/costa/zero3_min_repro/.venv/lib/python3.10/site-packages/accelerate/commands/accelerate_cli.py", line 46, in main
    args.func(args)
  File "/fsx/costa/zero3_min_repro/.venv/lib/python3.10/site-packages/accelerate/commands/launch.py", line 1060, in launch_command
    deepspeed_launcher(args)
  File "/fsx/costa/zero3_min_repro/.venv/lib/python3.10/site-packages/accelerate/commands/launch.py", line 764, in deepspeed_launcher
    distrib_run.run(args)
  File "/fsx/costa/zero3_min_repro/.venv/lib/python3.10/site-packages/torch/distributed/run.py", line 803, in run
    elastic_launch(
  File "/fsx/costa/zero3_min_repro/.venv/lib/python3.10/site-packages/torch/distributed/launcher/api.py", line 135, in __call__
    return launch_agent(self._config, self._entrypoint, list(args))
  File "/fsx/costa/zero3_min_repro/.venv/lib/python3.10/site-packages/torch/distributed/launcher/api.py", line 268, in launch_agent
    raise ChildFailedError(
torch.distributed.elastic.multiprocessing.errors.ChildFailedError: 
============================================================
min_repro.py FAILED
------------------------------------------------------------
Failures:
[1]:
  time      : 2024-04-17_20:20:15
  host      : ip-26-0-160-216.ec2.internal
  rank      : 2 (local_rank: 2)
  exitcode  : 1 (pid: 2499706)
  error_file: <N/A>
  traceback : To enable traceback see: https://pytorch.org/docs/stable/elastic/errors.html
[2]:
  time      : 2024-04-17_20:20:15
  host      : ip-26-0-160-216.ec2.internal
  rank      : 4 (local_rank: 4)
  exitcode  : 1 (pid: 2499708)
  error_file: <N/A>
  traceback : To enable traceback see: https://pytorch.org/docs/stable/elastic/errors.html
[3]:
  time      : 2024-04-17_20:20:15
  host      : ip-26-0-160-216.ec2.internal
  rank      : 5 (local_rank: 5)
  exitcode  : 1 (pid: 2499709)
  error_file: <N/A>
  traceback : To enable traceback see: https://pytorch.org/docs/stable/elastic/errors.html
[4]:
  time      : 2024-04-17_20:20:15
  host      : ip-26-0-160-216.ec2.internal
  rank      : 6 (local_rank: 6)
  exitcode  : 1 (pid: 2499710)
  error_file: <N/A>
  traceback : To enable traceback see: https://pytorch.org/docs/stable/elastic/errors.html
[5]:
  time      : 2024-04-17_20:20:15
  host      : ip-26-0-160-216.ec2.internal
  rank      : 7 (local_rank: 7)
  exitcode  : 1 (pid: 2499711)
  error_file: <N/A>
  traceback : To enable traceback see: https://pytorch.org/docs/stable/elastic/errors.html
------------------------------------------------------------
Root Cause (first observed failure):
[0]:
  time      : 2024-04-17_20:20:15
  host      : ip-26-0-160-216.ec2.internal
  rank      : 1 (local_rank: 1)
  exitcode  : 1 (pid: 2499705)
  error_file: <N/A>
  traceback : To enable traceback see: https://pytorch.org/docs/stable/elastic/errors.html
============================================================
